2016-03-28 03:55:23,911 [1] DEBUG WebSocketServer-49205706 - Listener (127.0.0.1:4534) was started
2016-03-28 03:55:36,401 [9] DEBUG Ytg.Chart.Comm.Web.YtgWebSocketServer - 接收新消息，内容为：CONTACT:5417
2016-03-28 03:55:36,402 [9] DEBUG Ytg.Chart.Comm.Web.YtgWebSocketServer - 接收新连接内容为：5417
2016-03-28 03:57:00,825 [9] DEBUG Ytg.Chart.Comm.Web.YtgWebSocketServer - 接收新消息，内容为：CONTACT:5417
2016-03-28 03:57:00,826 [9] DEBUG Ytg.Chart.Comm.Web.YtgWebSocketServer - 接收新连接内容为：5417
2016-03-28 03:57:11,394 [8] DEBUG Ytg.Chart.Comm.Web.YtgWebSocketServer - 接收新消息，内容为：CONTACT:5417
2016-03-28 03:57:11,394 [8] DEBUG Ytg.Chart.Comm.Web.YtgWebSocketServer - 接收新连接内容为：5417
2016-03-28 03:57:17,162 [7] DEBUG Ytg.Chart.Comm.Web.YtgWebSocketServer - 接收新消息，内容为：CHART:{"Content":"sdasd\n","TUid":"349"}
2016-03-28 03:57:17,243 [7] DEBUG Ytg.Chart.Comm.Web.YtgWebSocketServer - 消息入库成功，内容为：{"Content":"sdasd\n","TUid":"349"}
2016-03-28 03:57:21,995 [9] DEBUG Ytg.Chart.Comm.Web.YtgWebSocketServer - 接收新消息，内容为：CHART:{"Content":"asdasd\n","TUid":-1}
2016-03-28 03:57:22,001 [9] DEBUG Ytg.Chart.Comm.Web.YtgWebSocketServer - 消息入库成功，内容为：{"Content":"asdasd\n","TUid":-1}
2016-03-28 04:04:50,618 [9] DEBUG Ytg.Chart.Comm.Web.YtgWebSocketServer - 接收新消息，内容为：CHART:{"Content":"[em_18]","TUid":"349"}
2016-03-28 04:04:50,628 [9] DEBUG Ytg.Chart.Comm.Web.YtgWebSocketServer - 消息入库成功，内容为：{"Content":"[em_18]","TUid":"349"}
2016-03-28 04:07:02,987 [9] DEBUG Ytg.Chart.Comm.Web.YtgWebSocketServer - 接收新消息，内容为：CONTACT:5417
2016-03-28 04:07:02,987 [9] DEBUG Ytg.Chart.Comm.Web.YtgWebSocketServer - 接收新连接内容为：5417
2016-03-28 04:07:20,367 [9] DEBUG Ytg.Chart.Comm.Web.YtgWebSocketServer - 接收新消息，内容为：CONTACT:5417
2016-03-28 04:07:20,367 [9] DEBUG Ytg.Chart.Comm.Web.YtgWebSocketServer - 接收新连接内容为：5417
2016-03-28 04:07:34,820 [8] DEBUG Ytg.Chart.Comm.Web.YtgWebSocketServer - 接收新消息，内容为：CHART:{"Content":"fsa","TUid":"349"}
2016-03-28 04:07:34,824 [8] DEBUG Ytg.Chart.Comm.Web.YtgWebSocketServer - 消息入库成功，内容为：{"Content":"fsa","TUid":"349"}
2016-03-28 04:09:53,538 [25] DEBUG Ytg.Chart.Comm.Web.YtgWebSocketServer - 接收新消息，内容为：CONTACT:5417
2016-03-28 04:09:53,538 [25] DEBUG Ytg.Chart.Comm.Web.YtgWebSocketServer - 接收新连接内容为：5417
2016-03-28 04:09:58,945 [7] DEBUG Ytg.Chart.Comm.Web.YtgWebSocketServer - 接收新消息，内容为：CHART:{"Content":"asdasd","TUid":"349"}
2016-03-28 04:09:58,947 [7] DEBUG Ytg.Chart.Comm.Web.YtgWebSocketServer - 消息入库成功，内容为：{"Content":"asdasd","TUid":"349"}
2016-03-28 04:12:23,483 [7] DEBUG Ytg.Chart.Comm.Web.YtgWebSocketServer - 接收新消息，内容为：CONTACT:5417
2016-03-28 04:12:23,483 [7] DEBUG Ytg.Chart.Comm.Web.YtgWebSocketServer - 接收新连接内容为：5417
2016-03-28 04:12:46,667 [8] DEBUG Ytg.Chart.Comm.Web.YtgWebSocketServer - 接收新消息，内容为：CHART:{"Content":"111","TUid":"349"}
2016-03-28 04:12:46,671 [8] DEBUG Ytg.Chart.Comm.Web.YtgWebSocketServer - 消息入库成功，内容为：{"Content":"111","TUid":"349"}
2016-03-28 04:13:30,441 [25] DEBUG Ytg.Chart.Comm.Web.YtgWebSocketServer - 接收新消息，内容为：CONTACT:5417
2016-03-28 04:13:30,441 [25] DEBUG Ytg.Chart.Comm.Web.YtgWebSocketServer - 接收新连接内容为：5417
2016-03-28 04:13:36,259 [5] DEBUG Ytg.Chart.Comm.Web.YtgWebSocketServer - 接收新消息，内容为：CHART:{"Content":"1111","TUid":"349"}
2016-03-28 04:13:36,264 [5] DEBUG Ytg.Chart.Comm.Web.YtgWebSocketServer - 消息入库成功，内容为：{"Content":"1111","TUid":"349"}
2016-03-28 04:13:37,380 [8] DEBUG Ytg.Chart.Comm.Web.YtgWebSocketServer - 接收新消息，内容为：CHART:{"Content":"111","TUid":"349"}
2016-03-28 04:13:37,387 [8] DEBUG Ytg.Chart.Comm.Web.YtgWebSocketServer - 消息入库成功，内容为：{"Content":"111","TUid":"349"}
2016-03-28 04:13:51,590 [8] DEBUG Ytg.Chart.Comm.Web.YtgWebSocketServer - 接收新消息，内容为：CHART:{"Content":"[em_54]","TUid":"349"}
2016-03-28 04:13:51,595 [8] DEBUG Ytg.Chart.Comm.Web.YtgWebSocketServer - 消息入库成功，内容为：{"Content":"[em_54]","TUid":"349"}
2016-03-28 04:13:54,151 [5] DEBUG Ytg.Chart.Comm.Web.YtgWebSocketServer - 接收新消息，内容为：CHART:{"Content":"111","TUid":"349"}
2016-03-28 04:13:54,154 [5] DEBUG Ytg.Chart.Comm.Web.YtgWebSocketServer - 消息入库成功，内容为：{"Content":"111","TUid":"349"}
2016-03-28 04:15:20,054 [8] DEBUG Ytg.Chart.Comm.Web.YtgWebSocketServer - 接收新消息，内容为：CONTACT:392
2016-03-28 04:15:20,054 [8] DEBUG Ytg.Chart.Comm.Web.YtgWebSocketServer - 接收新连接内容为：392
2016-03-28 04:15:30,701 [9] DEBUG Ytg.Chart.Comm.Web.YtgWebSocketServer - 接收新消息，内容为：CHART:{"Content":" sdfsadfsadf\nsa","TUid":"346"}
2016-03-28 04:15:30,705 [9] DEBUG Ytg.Chart.Comm.Web.YtgWebSocketServer - 消息入库成功，内容为：{"Content":" sdfsadfsadf\nsa","TUid":"346"}
2016-03-28 04:15:30,976 [7] DEBUG Ytg.Chart.Comm.Web.YtgWebSocketServer - 接收新消息，内容为：CHART:{"Content":"dfas\n","TUid":"346"}
2016-03-28 04:15:30,977 [7] DEBUG Ytg.Chart.Comm.Web.YtgWebSocketServer - 消息入库成功，内容为：{"Content":"dfas\n","TUid":"346"}
2016-03-28 04:15:31,178 [8] DEBUG Ytg.Chart.Comm.Web.YtgWebSocketServer - 接收新消息，内容为：CHART:{"Content":"df\nas","TUid":"346"}
2016-03-28 04:15:31,181 [8] DEBUG Ytg.Chart.Comm.Web.YtgWebSocketServer - 消息入库成功，内容为：{"Content":"df\nas","TUid":"346"}
2016-03-28 04:15:31,324 [5] DEBUG Ytg.Chart.Comm.Web.YtgWebSocketServer - 接收新消息，内容为：CHART:{"Content":"df\n","TUid":"346"}
2016-03-28 04:15:31,325 [5] DEBUG Ytg.Chart.Comm.Web.YtgWebSocketServer - 消息入库成功，内容为：{"Content":"df\n","TUid":"346"}
2016-03-28 04:15:31,476 [25] DEBUG Ytg.Chart.Comm.Web.YtgWebSocketServer - 接收新消息，内容为：CHART:{"Content":"as\n","TUid":"346"}
2016-03-28 04:15:31,479 [25] DEBUG Ytg.Chart.Comm.Web.YtgWebSocketServer - 消息入库成功，内容为：{"Content":"as\n","TUid":"346"}
2016-03-28 04:15:31,620 [8] DEBUG Ytg.Chart.Comm.Web.YtgWebSocketServer - 接收新消息，内容为：CHART:{"Content":"df\na","TUid":"346"}
2016-03-28 04:15:31,623 [8] DEBUG Ytg.Chart.Comm.Web.YtgWebSocketServer - 消息入库成功，内容为：{"Content":"df\na","TUid":"346"}
2016-03-28 04:15:31,772 [5] DEBUG Ytg.Chart.Comm.Web.YtgWebSocketServer - 接收新消息，内容为：CHART:{"Content":"s\ndf","TUid":"346"}
2016-03-28 04:15:31,773 [5] DEBUG Ytg.Chart.Comm.Web.YtgWebSocketServer - 消息入库成功，内容为：{"Content":"s\ndf","TUid":"346"}
2016-03-28 04:15:31,911 [25] DEBUG Ytg.Chart.Comm.Web.YtgWebSocketServer - 接收新消息，内容为：CHART:{"Content":"\nas","TUid":"346"}
2016-03-28 04:15:31,913 [25] DEBUG Ytg.Chart.Comm.Web.YtgWebSocketServer - 消息入库成功，内容为：{"Content":"\nas","TUid":"346"}
2016-03-28 04:15:32,090 [9] DEBUG Ytg.Chart.Comm.Web.YtgWebSocketServer - 接收新消息，内容为：CHART:{"Content":"df\na","TUid":"346"}
2016-03-28 04:15:32,092 [9] DEBUG Ytg.Chart.Comm.Web.YtgWebSocketServer - 消息入库成功，内容为：{"Content":"df\na","TUid":"346"}
2016-03-28 04:15:32,228 [7] DEBUG Ytg.Chart.Comm.Web.YtgWebSocketServer - 接收新消息，内容为：CHART:{"Content":"sd\nf","TUid":"346"}
2016-03-28 04:15:32,236 [7] DEBUG Ytg.Chart.Comm.Web.YtgWebSocketServer - 消息入库成功，内容为：{"Content":"sd\nf","TUid":"346"}
2016-03-28 04:15:32,382 [8] DEBUG Ytg.Chart.Comm.Web.YtgWebSocketServer - 接收新消息，内容为：CHART:{"Content":"as\n","TUid":"346"}
2016-03-28 04:15:32,384 [8] DEBUG Ytg.Chart.Comm.Web.YtgWebSocketServer - 消息入库成功，内容为：{"Content":"as\n","TUid":"346"}
2016-03-28 04:15:32,524 [9] DEBUG Ytg.Chart.Comm.Web.YtgWebSocketServer - 接收新消息，内容为：CHART:{"Content":"df\n","TUid":"346"}
2016-03-28 04:15:32,527 [9] DEBUG Ytg.Chart.Comm.Web.YtgWebSocketServer - 消息入库成功，内容为：{"Content":"df\n","TUid":"346"}
2016-03-28 04:15:32,661 [7] DEBUG Ytg.Chart.Comm.Web.YtgWebSocketServer - 接收新消息，内容为：CHART:{"Content":"asd\nf","TUid":"346"}
2016-03-28 04:15:32,665 [7] DEBUG Ytg.Chart.Comm.Web.YtgWebSocketServer - 消息入库成功，内容为：{"Content":"asd\nf","TUid":"346"}
2016-03-28 04:15:32,812 [8] DEBUG Ytg.Chart.Comm.Web.YtgWebSocketServer - 接收新消息，内容为：CHART:{"Content":"\nas","TUid":"346"}
2016-03-28 04:15:32,814 [8] DEBUG Ytg.Chart.Comm.Web.YtgWebSocketServer - 消息入库成功，内容为：{"Content":"\nas","TUid":"346"}
2016-03-28 04:15:33,076 [5] DEBUG Ytg.Chart.Comm.Web.YtgWebSocketServer - 接收新消息，内容为：CHART:{"Content":"df\n","TUid":"346"}
2016-03-28 04:15:33,080 [5] DEBUG Ytg.Chart.Comm.Web.YtgWebSocketServer - 消息入库成功，内容为：{"Content":"df\n","TUid":"346"}
2016-03-28 04:22:39,270 [1] DEBUG WebSocketServer-49205706 - Listener (127.0.0.1:4534) was started
2016-03-28 04:24:40,750 [5] DEBUG Ytg.Chart.Comm.Web.YtgWebSocketServer - 接收新消息，内容为：CONTACT:346
2016-03-28 04:24:40,751 [5] DEBUG Ytg.Chart.Comm.Web.YtgWebSocketServer - 接收新连接内容为：346
2016-03-28 04:27:38,275 [8] DEBUG Ytg.Chart.Comm.Web.YtgWebSocketServer - 接收新消息，内容为：CONTACT:346
2016-03-28 04:27:38,275 [8] DEBUG Ytg.Chart.Comm.Web.YtgWebSocketServer - 接收新连接内容为：346
2016-03-28 04:27:49,713 [5] DEBUG Ytg.Chart.Comm.Web.YtgWebSocketServer - 接收新消息，内容为：CONTACT:346
2016-03-28 04:27:49,713 [5] DEBUG Ytg.Chart.Comm.Web.YtgWebSocketServer - 接收新连接内容为：346
2016-03-28 04:28:39,496 [6] DEBUG Ytg.Chart.Comm.Web.YtgWebSocketServer - 接收新消息，内容为：CONTACT:346
2016-03-28 04:28:39,496 [6] DEBUG Ytg.Chart.Comm.Web.YtgWebSocketServer - 接收新连接内容为：346
2016-03-28 04:29:48,359 [9] DEBUG Ytg.Chart.Comm.Web.YtgWebSocketServer - 接收新消息，内容为：CHART:{"Content":"asdasd\n","TUid":"392"}
2016-03-28 04:29:48,413 [9] DEBUG Ytg.Chart.Comm.Web.YtgWebSocketServer - 消息入库成功，内容为：{"Content":"asdasd\n","TUid":"392"}
2016-03-28 04:30:02,465 [9] DEBUG Ytg.Chart.Comm.Web.YtgWebSocketServer - 接收新消息，内容为：CONTACT:392
2016-03-28 04:30:02,465 [9] DEBUG Ytg.Chart.Comm.Web.YtgWebSocketServer - 接收新连接内容为：392
2016-03-28 04:30:15,224 [9] DEBUG Ytg.Chart.Comm.Web.YtgWebSocketServer - 接收新消息，内容为：CHART:{"Content":"asdasd\n","TUid":"346"}
2016-03-28 04:30:15,232 [9] DEBUG Ytg.Chart.Comm.Web.YtgWebSocketServer - 消息入库成功，内容为：{"Content":"asdasd\n","TUid":"346"}
2016-03-28 04:30:20,782 [8] DEBUG Ytg.Chart.Comm.Web.YtgWebSocketServer - 接收新消息，内容为：CONTACT:392
2016-03-28 04:30:20,782 [8] DEBUG Ytg.Chart.Comm.Web.YtgWebSocketServer - 接收新连接内容为：392
2016-03-28 04:30:26,944 [9] DEBUG Ytg.Chart.Comm.Web.YtgWebSocketServer - 接收新消息，内容为：CHART:{"Content":"asdasd\n","TUid":"346"}
2016-03-28 04:30:26,945 [9] DEBUG Ytg.Chart.Comm.Web.YtgWebSocketServer - 消息入库成功，内容为：{"Content":"asdasd\n","TUid":"346"}
2016-03-28 04:30:27,734 [8] DEBUG Ytg.Chart.Comm.Web.YtgWebSocketServer - 接收新消息，内容为：CHART:{"Content":"asdasd\n","TUid":"346"}
2016-03-28 04:30:27,737 [8] DEBUG Ytg.Chart.Comm.Web.YtgWebSocketServer - 消息入库成功，内容为：{"Content":"asdasd\n","TUid":"346"}
2016-03-28 04:31:08,537 [8] DEBUG Ytg.Chart.Comm.Web.YtgWebSocketServer - 接收新消息，内容为：CHART:{"Content":"asdasd\n","TUid":"346"}
2016-03-28 04:31:08,541 [8] DEBUG Ytg.Chart.Comm.Web.YtgWebSocketServer - 消息入库成功，内容为：{"Content":"asdasd\n","TUid":"346"}
2016-03-28 04:31:12,806 [6] DEBUG Ytg.Chart.Comm.Web.YtgWebSocketServer - 接收新消息，内容为：CHART:{"Content":"asdasd\n","TUid":"392"}
2016-03-28 04:31:12,813 [6] DEBUG Ytg.Chart.Comm.Web.YtgWebSocketServer - 消息入库成功，内容为：{"Content":"asdasd\n","TUid":"392"}
2016-03-28 04:31:42,363 [6] DEBUG Ytg.Chart.Comm.Web.YtgWebSocketServer - 接收新消息，内容为：CONTACT:392
2016-03-28 04:31:42,363 [6] DEBUG Ytg.Chart.Comm.Web.YtgWebSocketServer - 接收新连接内容为：392
2016-03-28 04:31:59,439 [8] DEBUG Ytg.Chart.Comm.Web.YtgWebSocketServer - 接收新消息，内容为：CONTACT:392
2016-03-28 04:31:59,439 [8] DEBUG Ytg.Chart.Comm.Web.YtgWebSocketServer - 接收新连接内容为：392
2016-03-28 04:32:06,695 [8] DEBUG Ytg.Chart.Comm.Web.YtgWebSocketServer - 接收新消息，内容为：CHART:{"Content":"asdasd\n","TUid":"346"}
2016-03-28 04:32:06,703 [8] DEBUG Ytg.Chart.Comm.Web.YtgWebSocketServer - 消息入库成功，内容为：{"Content":"asdasd\n","TUid":"346"}
2016-03-28 04:32:10,414 [6] DEBUG Ytg.Chart.Comm.Web.YtgWebSocketServer - 接收新消息，内容为：CHART:{"Content":"asdasdasd\n","TUid":"392"}
2016-03-28 04:32:10,418 [6] DEBUG Ytg.Chart.Comm.Web.YtgWebSocketServer - 消息入库成功，内容为：{"Content":"asdasdasd\n","TUid":"392"}
2016-03-28 04:32:49,790 [9] DEBUG Ytg.Chart.Comm.Web.YtgWebSocketServer - 接收新消息，内容为：CONTACT:392
2016-03-28 04:32:49,790 [9] DEBUG Ytg.Chart.Comm.Web.YtgWebSocketServer - 接收新连接内容为：392
2016-03-28 04:32:58,750 [5] DEBUG Ytg.Chart.Comm.Web.YtgWebSocketServer - 接收新消息，内容为：CHART:{"Content":"asdasd\n","TUid":"346"}
2016-03-28 04:32:58,753 [5] DEBUG Ytg.Chart.Comm.Web.YtgWebSocketServer - 消息入库成功，内容为：{"Content":"asdasd\n","TUid":"346"}
2016-03-28 04:33:02,183 [9] DEBUG Ytg.Chart.Comm.Web.YtgWebSocketServer - 接收新消息，内容为：CHART:{"Content":"asdasd\n","TUid":"392"}
2016-03-28 04:33:02,190 [9] DEBUG Ytg.Chart.Comm.Web.YtgWebSocketServer - 消息入库成功，内容为：{"Content":"asdasd\n","TUid":"392"}
2016-03-28 04:33:04,310 [6] DEBUG Ytg.Chart.Comm.Web.YtgWebSocketServer - 接收新消息，内容为：CHART:{"Content":"asdasd\n","TUid":"392"}
2016-03-28 04:33:04,313 [6] DEBUG Ytg.Chart.Comm.Web.YtgWebSocketServer - 消息入库成功，内容为：{"Content":"asdasd\n","TUid":"392"}
2016-03-28 04:33:05,151 [5] DEBUG Ytg.Chart.Comm.Web.YtgWebSocketServer - 接收新消息，内容为：CHART:{"Content":"sadasd\n","TUid":"392"}
2016-03-28 04:33:05,152 [5] DEBUG Ytg.Chart.Comm.Web.YtgWebSocketServer - 消息入库成功，内容为：{"Content":"sadasd\n","TUid":"392"}
2016-03-28 04:33:05,982 [8] DEBUG Ytg.Chart.Comm.Web.YtgWebSocketServer - 接收新消息，内容为：CHART:{"Content":"asd\n","TUid":"392"}
2016-03-28 04:33:05,989 [8] DEBUG Ytg.Chart.Comm.Web.YtgWebSocketServer - 消息入库成功，内容为：{"Content":"asd\n","TUid":"392"}
2016-03-28 04:33:06,633 [5] DEBUG Ytg.Chart.Comm.Web.YtgWebSocketServer - 接收新消息，内容为：CHART:{"Content":"asd\n","TUid":"392"}
2016-03-28 04:33:06,635 [5] DEBUG Ytg.Chart.Comm.Web.YtgWebSocketServer - 消息入库成功，内容为：{"Content":"asd\n","TUid":"392"}
2016-03-28 04:33:07,259 [8] DEBUG Ytg.Chart.Comm.Web.YtgWebSocketServer - 接收新消息，内容为：CHART:{"Content":"asd\n","TUid":"392"}
2016-03-28 04:33:07,262 [8] DEBUG Ytg.Chart.Comm.Web.YtgWebSocketServer - 消息入库成功，内容为：{"Content":"asd\n","TUid":"392"}
2016-03-28 04:33:07,915 [9] DEBUG Ytg.Chart.Comm.Web.YtgWebSocketServer - 接收新消息，内容为：CHART:{"Content":"asd\n","TUid":"392"}
2016-03-28 04:33:07,918 [9] DEBUG Ytg.Chart.Comm.Web.YtgWebSocketServer - 消息入库成功，内容为：{"Content":"asd\n","TUid":"392"}
2016-03-28 04:33:08,457 [8] DEBUG Ytg.Chart.Comm.Web.YtgWebSocketServer - 接收新消息，内容为：CHART:{"Content":"asd\n","TUid":"392"}
2016-03-28 04:33:08,461 [8] DEBUG Ytg.Chart.Comm.Web.YtgWebSocketServer - 消息入库成功，内容为：{"Content":"asd\n","TUid":"392"}
2016-03-28 04:33:08,990 [9] DEBUG Ytg.Chart.Comm.Web.YtgWebSocketServer - 接收新消息，内容为：CHART:{"Content":"asd\na","TUid":"392"}
2016-03-28 04:33:08,993 [9] DEBUG Ytg.Chart.Comm.Web.YtgWebSocketServer - 消息入库成功，内容为：{"Content":"asd\na","TUid":"392"}
2016-03-28 04:33:09,490 [8] DEBUG Ytg.Chart.Comm.Web.YtgWebSocketServer - 接收新消息，内容为：CHART:{"Content":"sd\n","TUid":"392"}
2016-03-28 04:33:09,493 [8] DEBUG Ytg.Chart.Comm.Web.YtgWebSocketServer - 消息入库成功，内容为：{"Content":"sd\n","TUid":"392"}
2016-03-28 04:33:09,982 [9] DEBUG Ytg.Chart.Comm.Web.YtgWebSocketServer - 接收新消息，内容为：CHART:{"Content":"asd\n","TUid":"392"}
2016-03-28 04:33:09,984 [9] DEBUG Ytg.Chart.Comm.Web.YtgWebSocketServer - 消息入库成功，内容为：{"Content":"asd\n","TUid":"392"}
2016-03-28 04:33:10,416 [8] DEBUG Ytg.Chart.Comm.Web.YtgWebSocketServer - 接收新消息，内容为：CHART:{"Content":"asd\n","TUid":"392"}
2016-03-28 04:33:10,420 [8] DEBUG Ytg.Chart.Comm.Web.YtgWebSocketServer - 消息入库成功，内容为：{"Content":"asd\n","TUid":"392"}
2016-03-28 04:33:10,833 [5] DEBUG Ytg.Chart.Comm.Web.YtgWebSocketServer - 接收新消息，内容为：CHART:{"Content":"asd\n","TUid":"392"}
2016-03-28 04:33:10,835 [5] DEBUG Ytg.Chart.Comm.Web.YtgWebSocketServer - 消息入库成功，内容为：{"Content":"asd\n","TUid":"392"}
2016-03-28 04:33:11,240 [6] DEBUG Ytg.Chart.Comm.Web.YtgWebSocketServer - 接收新消息，内容为：CHART:{"Content":"asd\n","TUid":"392"}
2016-03-28 04:33:11,243 [6] DEBUG Ytg.Chart.Comm.Web.YtgWebSocketServer - 消息入库成功，内容为：{"Content":"asd\n","TUid":"392"}
2016-03-28 04:33:11,619 [8] DEBUG Ytg.Chart.Comm.Web.YtgWebSocketServer - 接收新消息，内容为：CHART:{"Content":"asd\na","TUid":"392"}
2016-03-28 04:33:11,625 [8] DEBUG Ytg.Chart.Comm.Web.YtgWebSocketServer - 消息入库成功，内容为：{"Content":"asd\na","TUid":"392"}
2016-03-28 04:33:11,926 [6] DEBUG Ytg.Chart.Comm.Web.YtgWebSocketServer - 接收新消息，内容为：CHART:{"Content":"sd\na","TUid":"392"}
2016-03-28 04:33:11,929 [6] DEBUG Ytg.Chart.Comm.Web.YtgWebSocketServer - 消息入库成功，内容为：{"Content":"sd\na","TUid":"392"}
2016-03-28 04:33:12,278 [8] DEBUG Ytg.Chart.Comm.Web.YtgWebSocketServer - 接收新消息，内容为：CHART:{"Content":"sd\n","TUid":"392"}
2016-03-28 04:33:12,285 [8] DEBUG Ytg.Chart.Comm.Web.YtgWebSocketServer - 消息入库成功，内容为：{"Content":"sd\n","TUid":"392"}
2016-03-28 04:33:14,881 [8] DEBUG Ytg.Chart.Comm.Web.YtgWebSocketServer - 接收新消息，内容为：CHART:{"Content":"asd\n","TUid":"392"}
2016-03-28 04:33:14,888 [8] DEBUG Ytg.Chart.Comm.Web.YtgWebSocketServer - 消息入库成功，内容为：{"Content":"asd\n","TUid":"392"}
2016-03-28 04:33:24,303 [9] DEBUG Ytg.Chart.Comm.Web.YtgWebSocketServer - 接收新消息，内容为：CHART:{"Content":"asd\n","TUid":"392"}
2016-03-28 04:33:24,306 [9] DEBUG Ytg.Chart.Comm.Web.YtgWebSocketServer - 消息入库成功，内容为：{"Content":"asd\n","TUid":"392"}
2016-03-28 04:33:24,819 [8] DEBUG Ytg.Chart.Comm.Web.YtgWebSocketServer - 接收新消息，内容为：CHART:{"Content":"asd\n","TUid":"392"}
2016-03-28 04:33:24,821 [8] DEBUG Ytg.Chart.Comm.Web.YtgWebSocketServer - 消息入库成功，内容为：{"Content":"asd\n","TUid":"392"}
2016-03-28 04:33:25,350 [9] DEBUG Ytg.Chart.Comm.Web.YtgWebSocketServer - 接收新消息，内容为：CHART:{"Content":"asd\n","TUid":"392"}
2016-03-28 04:33:25,353 [9] DEBUG Ytg.Chart.Comm.Web.YtgWebSocketServer - 消息入库成功，内容为：{"Content":"asd\n","TUid":"392"}
2016-03-28 04:33:25,912 [5] DEBUG Ytg.Chart.Comm.Web.YtgWebSocketServer - 接收新消息，内容为：CHART:{"Content":"asd\n","TUid":"392"}
2016-03-28 04:33:25,914 [5] DEBUG Ytg.Chart.Comm.Web.YtgWebSocketServer - 消息入库成功，内容为：{"Content":"asd\n","TUid":"392"}
2016-03-28 04:33:26,446 [9] DEBUG Ytg.Chart.Comm.Web.YtgWebSocketServer - 接收新消息，内容为：CHART:{"Content":"asd\n","TUid":"392"}
2016-03-28 04:33:26,448 [9] DEBUG Ytg.Chart.Comm.Web.YtgWebSocketServer - 消息入库成功，内容为：{"Content":"asd\n","TUid":"392"}
2016-03-28 04:33:27,126 [5] DEBUG Ytg.Chart.Comm.Web.YtgWebSocketServer - 接收新消息，内容为：CHART:{"Content":"asd\n","TUid":"392"}
2016-03-28 04:33:27,128 [5] DEBUG Ytg.Chart.Comm.Web.YtgWebSocketServer - 消息入库成功，内容为：{"Content":"asd\n","TUid":"392"}
2016-03-28 04:33:27,647 [9] DEBUG Ytg.Chart.Comm.Web.YtgWebSocketServer - 接收新消息，内容为：CHART:{"Content":"asd\n","TUid":"392"}
2016-03-28 04:33:27,650 [9] DEBUG Ytg.Chart.Comm.Web.YtgWebSocketServer - 消息入库成功，内容为：{"Content":"asd\n","TUid":"392"}
2016-03-28 04:33:28,958 [6] DEBUG Ytg.Chart.Comm.Web.YtgWebSocketServer - 接收新消息，内容为：CHART:{"Content":"asd\n","TUid":"346"}
2016-03-28 04:33:28,965 [6] DEBUG Ytg.Chart.Comm.Web.YtgWebSocketServer - 消息入库成功，内容为：{"Content":"asd\n","TUid":"346"}
2016-03-28 04:33:29,457 [8] DEBUG Ytg.Chart.Comm.Web.YtgWebSocketServer - 接收新消息，内容为：CHART:{"Content":"asdas\nd","TUid":"346"}
2016-03-28 04:33:29,460 [8] DEBUG Ytg.Chart.Comm.Web.YtgWebSocketServer - 消息入库成功，内容为：{"Content":"asdas\nd","TUid":"346"}
2016-03-28 04:34:15,833 [6] DEBUG Ytg.Chart.Comm.Web.YtgWebSocketServer - 接收新消息，内容为：CHART:{"Content":"0\n","TUid":"346"}
2016-03-28 04:34:15,841 [6] DEBUG Ytg.Chart.Comm.Web.YtgWebSocketServer - 消息入库成功，内容为：{"Content":"0\n","TUid":"346"}
2016-03-28 04:36:19,918 [5] DEBUG Ytg.Chart.Comm.Web.YtgWebSocketServer - 接收新消息，内容为：CONTACT:346
2016-03-28 04:36:19,918 [5] DEBUG Ytg.Chart.Comm.Web.YtgWebSocketServer - 接收新连接内容为：346
2016-03-28 04:36:27,067 [9] DEBUG Ytg.Chart.Comm.Web.YtgWebSocketServer - 接收新消息，内容为：CHART:{"Content":"asd\n","TUid":"392"}
2016-03-28 04:36:27,070 [9] DEBUG Ytg.Chart.Comm.Web.YtgWebSocketServer - 消息入库成功，内容为：{"Content":"asd\n","TUid":"392"}
2016-03-28 04:36:28,591 [5] DEBUG Ytg.Chart.Comm.Web.YtgWebSocketServer - 接收新消息，内容为：CHART:{"Content":"asdasd\n","TUid":"392"}
2016-03-28 04:36:28,596 [5] DEBUG Ytg.Chart.Comm.Web.YtgWebSocketServer - 消息入库成功，内容为：{"Content":"asdasd\n","TUid":"392"}
2016-03-28 04:36:32,383 [9] DEBUG Ytg.Chart.Comm.Web.YtgWebSocketServer - 接收新消息，内容为：CHART:{"Content":"asdasd\n","TUid":"346"}
2016-03-28 04:36:32,385 [9] DEBUG Ytg.Chart.Comm.Web.YtgWebSocketServer - 消息入库成功，内容为：{"Content":"asdasd\n","TUid":"346"}
2016-03-28 04:36:33,687 [5] DEBUG Ytg.Chart.Comm.Web.YtgWebSocketServer - 接收新消息，内容为：CHART:{"Content":"asdasd\n","TUid":"346"}
2016-03-28 04:36:33,688 [5] DEBUG Ytg.Chart.Comm.Web.YtgWebSocketServer - 消息入库成功，内容为：{"Content":"asdasd\n","TUid":"346"}
2016-03-28 04:36:37,844 [6] DEBUG Ytg.Chart.Comm.Web.YtgWebSocketServer - 接收新消息，内容为：CONTACT:392
2016-03-28 04:36:37,844 [6] DEBUG Ytg.Chart.Comm.Web.YtgWebSocketServer - 接收新连接内容为：392
2016-03-28 04:36:52,463 [8] DEBUG Ytg.Chart.Comm.Web.YtgWebSocketServer - 接收新消息，内容为：CHART:{"Content":"asdasd\n","TUid":"346"}
2016-03-28 04:36:52,467 [8] DEBUG Ytg.Chart.Comm.Web.YtgWebSocketServer - 消息入库成功，内容为：{"Content":"asdasd\n","TUid":"346"}
2016-03-28 04:36:53,943 [9] DEBUG Ytg.Chart.Comm.Web.YtgWebSocketServer - 接收新消息，内容为：CHART:{"Content":"asdasd\n","TUid":"346"}
2016-03-28 04:36:53,949 [9] DEBUG Ytg.Chart.Comm.Web.YtgWebSocketServer - 消息入库成功，内容为：{"Content":"asdasd\n","TUid":"346"}
2016-03-28 04:36:54,711 [6] DEBUG Ytg.Chart.Comm.Web.YtgWebSocketServer - 接收新消息，内容为：CHART:{"Content":"asd\n","TUid":"346"}
2016-03-28 04:36:54,714 [6] DEBUG Ytg.Chart.Comm.Web.YtgWebSocketServer - 消息入库成功，内容为：{"Content":"asd\n","TUid":"346"}
2016-03-28 04:37:21,257 [6] DEBUG Ytg.Chart.Comm.Web.YtgWebSocketServer - 接收新消息，内容为：CONTACT:392
2016-03-28 04:37:21,257 [6] DEBUG Ytg.Chart.Comm.Web.YtgWebSocketServer - 接收新连接内容为：392
2016-03-28 04:37:26,543 [9] DEBUG Ytg.Chart.Comm.Web.YtgWebSocketServer - 接收新消息，内容为：CHART:{"Content":"asdasd\n","TUid":"346"}
2016-03-28 04:37:26,547 [9] DEBUG Ytg.Chart.Comm.Web.YtgWebSocketServer - 消息入库成功，内容为：{"Content":"asdasd\n","TUid":"346"}
2016-03-28 04:37:27,231 [5] DEBUG Ytg.Chart.Comm.Web.YtgWebSocketServer - 接收新消息，内容为：CHART:{"Content":"asd\n","TUid":"346"}
2016-03-28 04:37:27,235 [5] DEBUG Ytg.Chart.Comm.Web.YtgWebSocketServer - 消息入库成功，内容为：{"Content":"asd\n","TUid":"346"}
2016-03-28 04:37:27,823 [9] DEBUG Ytg.Chart.Comm.Web.YtgWebSocketServer - 接收新消息，内容为：CHART:{"Content":"asd\n","TUid":"346"}
2016-03-28 04:37:27,826 [9] DEBUG Ytg.Chart.Comm.Web.YtgWebSocketServer - 消息入库成功，内容为：{"Content":"asd\n","TUid":"346"}
2016-03-28 04:37:28,400 [5] DEBUG Ytg.Chart.Comm.Web.YtgWebSocketServer - 接收新消息，内容为：CHART:{"Content":"asd\n","TUid":"346"}
2016-03-28 04:37:28,404 [5] DEBUG Ytg.Chart.Comm.Web.YtgWebSocketServer - 消息入库成功，内容为：{"Content":"asd\n","TUid":"346"}
2016-03-28 04:37:30,919 [6] DEBUG Ytg.Chart.Comm.Web.YtgWebSocketServer - 接收新消息，内容为：CHART:{"Content":"asd\n","TUid":"392"}
2016-03-28 04:37:30,927 [6] DEBUG Ytg.Chart.Comm.Web.YtgWebSocketServer - 消息入库成功，内容为：{"Content":"asd\n","TUid":"392"}
2016-03-28 04:37:32,510 [5] DEBUG Ytg.Chart.Comm.Web.YtgWebSocketServer - 接收新消息，内容为：CHART:{"Content":"asd\n","TUid":"346"}
2016-03-28 04:37:32,515 [5] DEBUG Ytg.Chart.Comm.Web.YtgWebSocketServer - 消息入库成功，内容为：{"Content":"asd\n","TUid":"346"}
2016-03-28 04:37:50,260 [6] DEBUG Ytg.Chart.Comm.Web.YtgWebSocketServer - 接收新消息，内容为：CONTACT:346
2016-03-28 04:37:50,261 [6] DEBUG Ytg.Chart.Comm.Web.YtgWebSocketServer - 接收新连接内容为：346
2016-03-28 04:39:03,371 [6] DEBUG Ytg.Chart.Comm.Web.YtgWebSocketServer - 接收新消息，内容为：CONTACT:346
2016-03-28 04:39:03,371 [6] DEBUG Ytg.Chart.Comm.Web.YtgWebSocketServer - 接收新连接内容为：346
2016-03-28 04:40:54,449 [20] DEBUG Ytg.Chart.Comm.Web.YtgWebSocketServer - 接收新消息，内容为：CONTACT:346
2016-03-28 04:40:54,449 [20] DEBUG Ytg.Chart.Comm.Web.YtgWebSocketServer - 接收新连接内容为：346
2016-03-28 04:41:09,948 [21] DEBUG Ytg.Chart.Comm.Web.YtgWebSocketServer - 接收新消息，内容为：CONTACT:346
2016-03-28 04:41:09,949 [21] DEBUG Ytg.Chart.Comm.Web.YtgWebSocketServer - 接收新连接内容为：346
2016-03-28 04:41:51,388 [21] DEBUG Ytg.Chart.Comm.Web.YtgWebSocketServer - 接收新消息，内容为：CONTACT:346
2016-03-28 04:41:51,388 [21] DEBUG Ytg.Chart.Comm.Web.YtgWebSocketServer - 接收新连接内容为：346
2016-03-28 04:42:54,590 [20] DEBUG Ytg.Chart.Comm.Web.YtgWebSocketServer - 接收新消息，内容为：CONTACT:346
2016-03-28 04:42:54,590 [20] DEBUG Ytg.Chart.Comm.Web.YtgWebSocketServer - 接收新连接内容为：346
2016-03-28 04:43:15,725 [21] DEBUG Ytg.Chart.Comm.Web.YtgWebSocketServer - 接收新消息，内容为：CONTACT:346
2016-03-28 04:43:15,725 [21] DEBUG Ytg.Chart.Comm.Web.YtgWebSocketServer - 接收新连接内容为：346
2016-03-28 04:43:40,391 [8] DEBUG Ytg.Chart.Comm.Web.YtgWebSocketServer - 接收新消息，内容为：CONTACT:346
2016-03-28 04:43:40,391 [8] DEBUG Ytg.Chart.Comm.Web.YtgWebSocketServer - 接收新连接内容为：346
2016-03-28 04:44:41,544 [5] DEBUG Ytg.Chart.Comm.Web.YtgWebSocketServer - 接收新消息，内容为：CHART:{"Content":"asdasdasd\n","TUid":"346"}
2016-03-28 04:44:41,553 [5] DEBUG Ytg.Chart.Comm.Web.YtgWebSocketServer - 消息入库成功，内容为：{"Content":"asdasdasd\n","TUid":"346"}
2016-03-28 04:44:52,034 [5] DEBUG Ytg.Chart.Comm.Web.YtgWebSocketServer - 接收新消息，内容为：CHART:{"Content":"asdasdasd\n","TUid":"346"}
2016-03-28 04:44:52,039 [5] DEBUG Ytg.Chart.Comm.Web.YtgWebSocketServer - 消息入库成功，内容为：{"Content":"asdasdasd\n","TUid":"346"}
2016-03-28 05:00:21,340 [8] DEBUG Ytg.Chart.Comm.Web.YtgWebSocketServer - 接收新消息，内容为：CONTACT:346
2016-03-28 05:00:21,341 [8] DEBUG Ytg.Chart.Comm.Web.YtgWebSocketServer - 接收新连接内容为：346
2016-03-28 05:02:02,928 [9] DEBUG Ytg.Chart.Comm.Web.YtgWebSocketServer - 接收新消息，内容为：CONTACT:346
2016-03-28 05:02:02,929 [9] DEBUG Ytg.Chart.Comm.Web.YtgWebSocketServer - 接收新连接内容为：346
2016-03-28 05:02:07,756 [9] DEBUG Ytg.Chart.Comm.Web.YtgWebSocketServer - 接收新消息，内容为：CHART:{"Content":"asdasd\n","TUid":"346"}
2016-03-28 05:02:07,760 [9] DEBUG Ytg.Chart.Comm.Web.YtgWebSocketServer - 消息入库成功，内容为：{"Content":"asdasd\n","TUid":"346"}
2016-03-28 05:02:08,277 [20] DEBUG Ytg.Chart.Comm.Web.YtgWebSocketServer - 接收新消息，内容为：CHART:{"Content":"asd\n","TUid":"346"}
2016-03-28 05:02:08,279 [20] DEBUG Ytg.Chart.Comm.Web.YtgWebSocketServer - 消息入库成功，内容为：{"Content":"asd\n","TUid":"346"}
2016-03-28 05:02:08,761 [21] DEBUG Ytg.Chart.Comm.Web.YtgWebSocketServer - 接收新消息，内容为：CHART:{"Content":"asd\n","TUid":"346"}
2016-03-28 05:02:08,764 [21] DEBUG Ytg.Chart.Comm.Web.YtgWebSocketServer - 消息入库成功，内容为：{"Content":"asd\n","TUid":"346"}
2016-03-28 05:03:37,898 [6] DEBUG Ytg.Chart.Comm.Web.YtgWebSocketServer - 接收新消息，内容为：CONTACT:346
2016-03-28 05:03:37,898 [6] DEBUG Ytg.Chart.Comm.Web.YtgWebSocketServer - 接收新连接内容为：346
2016-03-28 05:03:41,746 [21] DEBUG Ytg.Chart.Comm.Web.YtgWebSocketServer - 接收新消息，内容为：CHART:{"Content":"sadasd\n","TUid":"346"}
2016-03-28 05:03:41,749 [21] DEBUG Ytg.Chart.Comm.Web.YtgWebSocketServer - 消息入库成功，内容为：{"Content":"sadasd\n","TUid":"346"}
2016-03-28 05:03:42,450 [8] DEBUG Ytg.Chart.Comm.Web.YtgWebSocketServer - 接收新消息，内容为：CHART:{"Content":"asdasd\n","TUid":"346"}
2016-03-28 05:03:42,453 [8] DEBUG Ytg.Chart.Comm.Web.YtgWebSocketServer - 消息入库成功，内容为：{"Content":"asdasd\n","TUid":"346"}
2016-03-28 05:03:54,805 [21] DEBUG Ytg.Chart.Comm.Web.YtgWebSocketServer - 接收新消息，内容为：CHART:{"Content":"asdasdasdaa\n","TUid":"346"}
2016-03-28 05:03:54,807 [21] DEBUG Ytg.Chart.Comm.Web.YtgWebSocketServer - 消息入库成功，内容为：{"Content":"asdasdasdaa\n","TUid":"346"}
2016-03-28 05:03:55,300 [8] DEBUG Ytg.Chart.Comm.Web.YtgWebSocketServer - 接收新消息，内容为：CHART:{"Content":"asdas\nd","TUid":"346"}
2016-03-28 05:03:55,302 [8] DEBUG Ytg.Chart.Comm.Web.YtgWebSocketServer - 消息入库成功，内容为：{"Content":"asdas\nd","TUid":"346"}
2016-03-28 05:03:55,561 [20] DEBUG Ytg.Chart.Comm.Web.YtgWebSocketServer - 接收新消息，内容为：CHART:{"Content":"as\nd","TUid":"346"}
2016-03-28 05:03:55,564 [20] DEBUG Ytg.Chart.Comm.Web.YtgWebSocketServer - 消息入库成功，内容为：{"Content":"as\nd","TUid":"346"}
2016-03-28 05:03:55,972 [21] DEBUG Ytg.Chart.Comm.Web.YtgWebSocketServer - 接收新消息，内容为：CHART:{"Content":"asd\n","TUid":"346"}
2016-03-28 05:03:55,975 [21] DEBUG Ytg.Chart.Comm.Web.YtgWebSocketServer - 消息入库成功，内容为：{"Content":"asd\n","TUid":"346"}
2016-03-28 05:03:56,210 [8] DEBUG Ytg.Chart.Comm.Web.YtgWebSocketServer - 接收新消息，内容为：CHART:{"Content":"asd\n","TUid":"346"}
2016-03-28 05:03:56,211 [8] DEBUG Ytg.Chart.Comm.Web.YtgWebSocketServer - 消息入库成功，内容为：{"Content":"asd\n","TUid":"346"}
2016-03-28 05:03:56,418 [20] DEBUG Ytg.Chart.Comm.Web.YtgWebSocketServer - 接收新消息，内容为：CHART:{"Content":"asd\n","TUid":"346"}
2016-03-28 05:03:56,422 [20] DEBUG Ytg.Chart.Comm.Web.YtgWebSocketServer - 消息入库成功，内容为：{"Content":"asd\n","TUid":"346"}
2016-03-28 05:03:56,601 [6] DEBUG Ytg.Chart.Comm.Web.YtgWebSocketServer - 接收新消息，内容为：CHART:{"Content":"asd\n","TUid":"346"}
2016-03-28 05:03:56,604 [6] DEBUG Ytg.Chart.Comm.Web.YtgWebSocketServer - 消息入库成功，内容为：{"Content":"asd\n","TUid":"346"}
2016-03-28 05:03:56,762 [8] DEBUG Ytg.Chart.Comm.Web.YtgWebSocketServer - 接收新消息，内容为：CHART:{"Content":"as\nd","TUid":"346"}
2016-03-28 05:03:56,765 [8] DEBUG Ytg.Chart.Comm.Web.YtgWebSocketServer - 消息入库成功，内容为：{"Content":"as\nd","TUid":"346"}
2016-03-28 05:03:56,941 [20] DEBUG Ytg.Chart.Comm.Web.YtgWebSocketServer - 接收新消息，内容为：CHART:{"Content":"a\nsd","TUid":"346"}
2016-03-28 05:03:56,944 [20] DEBUG Ytg.Chart.Comm.Web.YtgWebSocketServer - 消息入库成功，内容为：{"Content":"a\nsd","TUid":"346"}
2016-03-28 05:03:57,084 [6] DEBUG Ytg.Chart.Comm.Web.YtgWebSocketServer - 接收新消息，内容为：CHART:{"Content":"a\ns","TUid":"346"}
2016-03-28 05:03:57,087 [6] DEBUG Ytg.Chart.Comm.Web.YtgWebSocketServer - 消息入库成功，内容为：{"Content":"a\ns","TUid":"346"}
2016-03-28 05:03:57,243 [9] DEBUG Ytg.Chart.Comm.Web.YtgWebSocketServer - 接收新消息，内容为：CHART:{"Content":"d\nas","TUid":"346"}
2016-03-28 05:03:57,244 [9] DEBUG Ytg.Chart.Comm.Web.YtgWebSocketServer - 消息入库成功，内容为：{"Content":"d\nas","TUid":"346"}
2016-03-28 05:03:57,413 [21] DEBUG Ytg.Chart.Comm.Web.YtgWebSocketServer - 接收新消息，内容为：CHART:{"Content":"d\n","TUid":"346"}
2016-03-28 05:03:57,416 [21] DEBUG Ytg.Chart.Comm.Web.YtgWebSocketServer - 消息入库成功，内容为：{"Content":"d\n","TUid":"346"}
2016-03-28 05:04:08,537 [21] DEBUG Ytg.Chart.Comm.Web.YtgWebSocketServer - 接收新消息，内容为：CHART:{"Content":"asdasd\na","TUid":"346"}
2016-03-28 05:04:08,540 [21] DEBUG Ytg.Chart.Comm.Web.YtgWebSocketServer - 消息入库成功，内容为：{"Content":"asdasd\na","TUid":"346"}
2016-03-28 05:04:08,773 [8] DEBUG Ytg.Chart.Comm.Web.YtgWebSocketServer - 接收新消息，内容为：CHART:{"Content":"sd\na","TUid":"346"}
2016-03-28 05:04:08,776 [8] DEBUG Ytg.Chart.Comm.Web.YtgWebSocketServer - 消息入库成功，内容为：{"Content":"sd\na","TUid":"346"}
2016-03-28 05:04:08,941 [20] DEBUG Ytg.Chart.Comm.Web.YtgWebSocketServer - 接收新消息，内容为：CHART:{"Content":"sd\na","TUid":"346"}
2016-03-28 05:04:08,945 [20] DEBUG Ytg.Chart.Comm.Web.YtgWebSocketServer - 消息入库成功，内容为：{"Content":"sd\na","TUid":"346"}
2016-03-28 05:04:09,100 [21] DEBUG Ytg.Chart.Comm.Web.YtgWebSocketServer - 接收新消息，内容为：CHART:{"Content":"sd\n","TUid":"346"}
2016-03-28 05:04:09,103 [21] DEBUG Ytg.Chart.Comm.Web.YtgWebSocketServer - 消息入库成功，内容为：{"Content":"sd\n","TUid":"346"}
2016-03-28 05:04:09,243 [9] DEBUG Ytg.Chart.Comm.Web.YtgWebSocketServer - 接收新消息，内容为：CHART:{"Content":"as\nd","TUid":"346"}
2016-03-28 05:04:09,246 [9] DEBUG Ytg.Chart.Comm.Web.YtgWebSocketServer - 消息入库成功，内容为：{"Content":"as\nd","TUid":"346"}
2016-03-28 05:04:09,380 [5] DEBUG Ytg.Chart.Comm.Web.YtgWebSocketServer - 接收新消息，内容为：CHART:{"Content":"a\ns","TUid":"346"}
2016-03-28 05:04:09,383 [5] DEBUG Ytg.Chart.Comm.Web.YtgWebSocketServer - 消息入库成功，内容为：{"Content":"a\ns","TUid":"346"}
2016-03-28 05:04:09,522 [6] DEBUG Ytg.Chart.Comm.Web.YtgWebSocketServer - 接收新消息，内容为：CHART:{"Content":"d\n","TUid":"346"}
2016-03-28 05:04:09,525 [6] DEBUG Ytg.Chart.Comm.Web.YtgWebSocketServer - 消息入库成功，内容为：{"Content":"d\n","TUid":"346"}
2016-03-28 05:04:09,684 [8] DEBUG Ytg.Chart.Comm.Web.YtgWebSocketServer - 接收新消息，内容为：CHART:{"Content":"as\nd","TUid":"346"}
2016-03-28 05:04:09,687 [8] DEBUG Ytg.Chart.Comm.Web.YtgWebSocketServer - 消息入库成功，内容为：{"Content":"as\nd","TUid":"346"}
2016-03-28 05:04:09,842 [5] DEBUG Ytg.Chart.Comm.Web.YtgWebSocketServer - 接收新消息，内容为：CHART:{"Content":"as\nd","TUid":"346"}
2016-03-28 05:04:09,845 [5] DEBUG Ytg.Chart.Comm.Web.YtgWebSocketServer - 消息入库成功，内容为：{"Content":"as\nd","TUid":"346"}
2016-03-28 05:04:09,978 [6] DEBUG Ytg.Chart.Comm.Web.YtgWebSocketServer - 接收新消息，内容为：CHART:{"Content":"a\ns","TUid":"346"}
2016-03-28 05:04:09,985 [6] DEBUG Ytg.Chart.Comm.Web.YtgWebSocketServer - 消息入库成功，内容为：{"Content":"a\ns","TUid":"346"}
2016-03-28 05:04:10,138 [8] DEBUG Ytg.Chart.Comm.Web.YtgWebSocketServer - 接收新消息，内容为：CHART:{"Content":"d\na","TUid":"346"}
2016-03-28 05:04:10,142 [8] DEBUG Ytg.Chart.Comm.Web.YtgWebSocketServer - 消息入库成功，内容为：{"Content":"d\na","TUid":"346"}
2016-03-28 05:04:10,290 [21] DEBUG Ytg.Chart.Comm.Web.YtgWebSocketServer - 接收新消息，内容为：CHART:{"Content":"sd\n","TUid":"346"}
2016-03-28 05:04:10,294 [21] DEBUG Ytg.Chart.Comm.Web.YtgWebSocketServer - 消息入库成功，内容为：{"Content":"sd\n","TUid":"346"}
2016-03-28 05:04:10,427 [9] DEBUG Ytg.Chart.Comm.Web.YtgWebSocketServer - 接收新消息，内容为：CHART:{"Content":"asd\n","TUid":"346"}
2016-03-28 05:04:10,430 [9] DEBUG Ytg.Chart.Comm.Web.YtgWebSocketServer - 消息入库成功，内容为：{"Content":"asd\n","TUid":"346"}
2016-03-28 05:04:10,580 [20] DEBUG Ytg.Chart.Comm.Web.YtgWebSocketServer - 接收新消息，内容为：CHART:{"Content":"a\ns","TUid":"346"}
2016-03-28 05:04:10,583 [20] DEBUG Ytg.Chart.Comm.Web.YtgWebSocketServer - 消息入库成功，内容为：{"Content":"a\ns","TUid":"346"}
2016-03-28 05:04:10,741 [5] DEBUG Ytg.Chart.Comm.Web.YtgWebSocketServer - 接收新消息，内容为：CHART:{"Content":"d\na","TUid":"346"}
2016-03-28 05:04:10,744 [5] DEBUG Ytg.Chart.Comm.Web.YtgWebSocketServer - 消息入库成功，内容为：{"Content":"d\na","TUid":"346"}
2016-03-28 05:04:10,898 [9] DEBUG Ytg.Chart.Comm.Web.YtgWebSocketServer - 接收新消息，内容为：CHART:{"Content":"sd\n","TUid":"346"}
2016-03-28 05:04:10,901 [9] DEBUG Ytg.Chart.Comm.Web.YtgWebSocketServer - 消息入库成功，内容为：{"Content":"sd\n","TUid":"346"}
2016-03-28 05:04:11,069 [5] DEBUG Ytg.Chart.Comm.Web.YtgWebSocketServer - 接收新消息，内容为：CHART:{"Content":"as\nd","TUid":"346"}
2016-03-28 05:04:11,072 [5] DEBUG Ytg.Chart.Comm.Web.YtgWebSocketServer - 消息入库成功，内容为：{"Content":"as\nd","TUid":"346"}
2016-03-28 05:04:11,225 [8] DEBUG Ytg.Chart.Comm.Web.YtgWebSocketServer - 接收新消息，内容为：CHART:{"Content":"as\nd","TUid":"346"}
2016-03-28 05:04:11,228 [8] DEBUG Ytg.Chart.Comm.Web.YtgWebSocketServer - 消息入库成功，内容为：{"Content":"as\nd","TUid":"346"}
2016-03-28 05:04:11,380 [9] DEBUG Ytg.Chart.Comm.Web.YtgWebSocketServer - 接收新消息，内容为：CHART:{"Content":"a\nsd","TUid":"346"}
2016-03-28 05:04:11,383 [9] DEBUG Ytg.Chart.Comm.Web.YtgWebSocketServer - 消息入库成功，内容为：{"Content":"a\nsd","TUid":"346"}
2016-03-28 05:04:11,529 [6] DEBUG Ytg.Chart.Comm.Web.YtgWebSocketServer - 接收新消息，内容为：CHART:{"Content":"a\ns","TUid":"346"}
2016-03-28 05:04:11,532 [6] DEBUG Ytg.Chart.Comm.Web.YtgWebSocketServer - 消息入库成功，内容为：{"Content":"a\ns","TUid":"346"}
2016-03-28 05:04:11,714 [20] DEBUG Ytg.Chart.Comm.Web.YtgWebSocketServer - 接收新消息，内容为：CHART:{"Content":"d\nas","TUid":"346"}
2016-03-28 05:04:11,718 [20] DEBUG Ytg.Chart.Comm.Web.YtgWebSocketServer - 消息入库成功，内容为：{"Content":"d\nas","TUid":"346"}
2016-03-28 05:04:11,895 [9] DEBUG Ytg.Chart.Comm.Web.YtgWebSocketServer - 接收新消息，内容为：CHART:{"Content":"d\n","TUid":"346"}
2016-03-28 05:04:11,898 [9] DEBUG Ytg.Chart.Comm.Web.YtgWebSocketServer - 消息入库成功，内容为：{"Content":"d\n","TUid":"346"}
2016-03-28 05:04:30,171 [6] DEBUG Ytg.Chart.Comm.Web.YtgWebSocketServer - 接收新消息，内容为：CHART:{"Content":"asdasd\nas","TUid":"392"}
2016-03-28 05:04:30,172 [6] DEBUG Ytg.Chart.Comm.Web.YtgWebSocketServer - 消息入库成功，内容为：{"Content":"asdasd\nas","TUid":"392"}
2016-03-28 05:04:30,332 [20] DEBUG Ytg.Chart.Comm.Web.YtgWebSocketServer - 接收新消息，内容为：CHART:{"Content":"d\na","TUid":"392"}
2016-03-28 05:04:30,333 [20] DEBUG Ytg.Chart.Comm.Web.YtgWebSocketServer - 消息入库成功，内容为：{"Content":"d\na","TUid":"392"}
2016-03-28 05:04:30,482 [5] DEBUG Ytg.Chart.Comm.Web.YtgWebSocketServer - 接收新消息，内容为：CHART:{"Content":"sd\n","TUid":"392"}
2016-03-28 05:04:30,484 [5] DEBUG Ytg.Chart.Comm.Web.YtgWebSocketServer - 消息入库成功，内容为：{"Content":"sd\n","TUid":"392"}
2016-03-28 05:04:30,618 [8] DEBUG Ytg.Chart.Comm.Web.YtgWebSocketServer - 接收新消息，内容为：CHART:{"Content":"as\nd","TUid":"392"}
2016-03-28 05:04:30,621 [8] DEBUG Ytg.Chart.Comm.Web.YtgWebSocketServer - 消息入库成功，内容为：{"Content":"as\nd","TUid":"392"}
2016-03-28 05:04:30,762 [20] DEBUG Ytg.Chart.Comm.Web.YtgWebSocketServer - 接收新消息，内容为：CHART:{"Content":"a\n","TUid":"392"}
2016-03-28 05:04:30,765 [20] DEBUG Ytg.Chart.Comm.Web.YtgWebSocketServer - 消息入库成功，内容为：{"Content":"a\n","TUid":"392"}
2016-03-28 05:04:30,908 [5] DEBUG Ytg.Chart.Comm.Web.YtgWebSocketServer - 接收新消息，内容为：CHART:{"Content":"sd\na","TUid":"392"}
2016-03-28 05:04:30,909 [5] DEBUG Ytg.Chart.Comm.Web.YtgWebSocketServer - 消息入库成功，内容为：{"Content":"sd\na","TUid":"392"}
2016-03-28 05:04:31,042 [8] DEBUG Ytg.Chart.Comm.Web.YtgWebSocketServer - 接收新消息，内容为：CHART:{"Content":"sd\n","TUid":"392"}
2016-03-28 05:04:31,045 [8] DEBUG Ytg.Chart.Comm.Web.YtgWebSocketServer - 消息入库成功，内容为：{"Content":"sd\n","TUid":"392"}
2016-03-28 05:04:31,219 [9] DEBUG Ytg.Chart.Comm.Web.YtgWebSocketServer - 接收新消息，内容为：CHART:{"Content":"a\nsd","TUid":"392"}
2016-03-28 05:04:31,223 [9] DEBUG Ytg.Chart.Comm.Web.YtgWebSocketServer - 消息入库成功，内容为：{"Content":"a\nsd","TUid":"392"}
2016-03-28 05:05:19,195 [21] DEBUG Ytg.Chart.Comm.Web.YtgWebSocketServer - 接收新消息，内容为：CONTACT:346
2016-03-28 05:05:19,195 [21] DEBUG Ytg.Chart.Comm.Web.YtgWebSocketServer - 接收新连接内容为：346
2016-03-28 05:05:28,042 [6] DEBUG Ytg.Chart.Comm.Web.YtgWebSocketServer - 接收新消息，内容为：CHART:{"Content":"asdasd\na","TUid":"346"}
2016-03-28 05:05:28,047 [6] DEBUG Ytg.Chart.Comm.Web.YtgWebSocketServer - 消息入库成功，内容为：{"Content":"asdasd\na","TUid":"346"}
2016-03-28 05:05:28,201 [8] DEBUG Ytg.Chart.Comm.Web.YtgWebSocketServer - 接收新消息，内容为：CHART:{"Content":"sd\na","TUid":"346"}
2016-03-28 05:05:28,206 [8] DEBUG Ytg.Chart.Comm.Web.YtgWebSocketServer - 消息入库成功，内容为：{"Content":"sd\na","TUid":"346"}
2016-03-28 05:05:28,350 [9] DEBUG Ytg.Chart.Comm.Web.YtgWebSocketServer - 接收新消息，内容为：CHART:{"Content":"s\nd","TUid":"346"}
2016-03-28 05:05:28,353 [9] DEBUG Ytg.Chart.Comm.Web.YtgWebSocketServer - 消息入库成功，内容为：{"Content":"s\nd","TUid":"346"}
2016-03-28 05:05:28,482 [21] DEBUG Ytg.Chart.Comm.Web.YtgWebSocketServer - 接收新消息，内容为：CHART:{"Content":"a\ns","TUid":"346"}
2016-03-28 05:05:28,485 [21] DEBUG Ytg.Chart.Comm.Web.YtgWebSocketServer - 消息入库成功，内容为：{"Content":"a\ns","TUid":"346"}
2016-03-28 05:05:28,628 [20] DEBUG Ytg.Chart.Comm.Web.YtgWebSocketServer - 接收新消息，内容为：CHART:{"Content":"d\na","TUid":"346"}
2016-03-28 05:05:28,631 [20] DEBUG Ytg.Chart.Comm.Web.YtgWebSocketServer - 消息入库成功，内容为：{"Content":"d\na","TUid":"346"}
2016-03-28 05:05:28,773 [5] DEBUG Ytg.Chart.Comm.Web.YtgWebSocketServer - 接收新消息，内容为：CHART:{"Content":"sd\n","TUid":"346"}
2016-03-28 05:05:28,775 [5] DEBUG Ytg.Chart.Comm.Web.YtgWebSocketServer - 消息入库成功，内容为：{"Content":"sd\n","TUid":"346"}
2016-03-28 05:05:28,913 [21] DEBUG Ytg.Chart.Comm.Web.YtgWebSocketServer - 接收新消息，内容为：CHART:{"Content":"a\nsd","TUid":"346"}
2016-03-28 05:05:28,916 [21] DEBUG Ytg.Chart.Comm.Web.YtgWebSocketServer - 消息入库成功，内容为：{"Content":"a\nsd","TUid":"346"}
2016-03-28 05:05:29,042 [20] DEBUG Ytg.Chart.Comm.Web.YtgWebSocketServer - 接收新消息，内容为：CHART:{"Content":"a\n","TUid":"346"}
2016-03-28 05:05:29,045 [20] DEBUG Ytg.Chart.Comm.Web.YtgWebSocketServer - 消息入库成功，内容为：{"Content":"a\n","TUid":"346"}
2016-03-28 05:05:29,194 [5] DEBUG Ytg.Chart.Comm.Web.YtgWebSocketServer - 接收新消息，内容为：CHART:{"Content":"sd\na","TUid":"346"}
2016-03-28 05:05:29,197 [5] DEBUG Ytg.Chart.Comm.Web.YtgWebSocketServer - 消息入库成功，内容为：{"Content":"sd\na","TUid":"346"}
2016-03-28 05:05:29,334 [8] DEBUG Ytg.Chart.Comm.Web.YtgWebSocketServer - 接收新消息，内容为：CHART:{"Content":"s\nd","TUid":"346"}
2016-03-28 05:05:29,337 [8] DEBUG Ytg.Chart.Comm.Web.YtgWebSocketServer - 消息入库成功，内容为：{"Content":"s\nd","TUid":"346"}
2016-03-28 05:05:29,522 [9] DEBUG Ytg.Chart.Comm.Web.YtgWebSocketServer - 接收新消息，内容为：CHART:{"Content":"aqs\n","TUid":"346"}
2016-03-28 05:05:29,525 [9] DEBUG Ytg.Chart.Comm.Web.YtgWebSocketServer - 消息入库成功，内容为：{"Content":"aqs\n","TUid":"346"}
2016-03-28 05:05:59,757 [9] DEBUG Ytg.Chart.Comm.Web.YtgWebSocketServer - 接收新消息，内容为：CONTACT:346
2016-03-28 05:05:59,757 [9] DEBUG Ytg.Chart.Comm.Web.YtgWebSocketServer - 接收新连接内容为：346
2016-03-28 05:06:01,355 [6] DEBUG Ytg.Chart.Comm.Web.YtgWebSocketServer - 接收新消息，内容为：CHART:{"Content":"asda\ns","TUid":"346"}
2016-03-28 05:06:01,364 [6] DEBUG Ytg.Chart.Comm.Web.YtgWebSocketServer - 消息入库成功，内容为：{"Content":"asda\ns","TUid":"346"}
2016-03-28 05:06:01,529 [9] DEBUG Ytg.Chart.Comm.Web.YtgWebSocketServer - 接收新消息，内容为：CHART:{"Content":"d\na","TUid":"346"}
2016-03-28 05:06:01,532 [9] DEBUG Ytg.Chart.Comm.Web.YtgWebSocketServer - 消息入库成功，内容为：{"Content":"d\na","TUid":"346"}
2016-03-28 05:06:01,677 [5] DEBUG Ytg.Chart.Comm.Web.YtgWebSocketServer - 接收新消息，内容为：CHART:{"Content":"sd\n","TUid":"346"}
2016-03-28 05:06:01,678 [5] DEBUG Ytg.Chart.Comm.Web.YtgWebSocketServer - 消息入库成功，内容为：{"Content":"sd\n","TUid":"346"}
2016-03-28 05:06:01,819 [21] DEBUG Ytg.Chart.Comm.Web.YtgWebSocketServer - 接收新消息，内容为：CHART:{"Content":"a\nsd","TUid":"346"}
2016-03-28 05:06:01,821 [21] DEBUG Ytg.Chart.Comm.Web.YtgWebSocketServer - 消息入库成功，内容为：{"Content":"a\nsd","TUid":"346"}
2016-03-28 05:06:01,962 [9] DEBUG Ytg.Chart.Comm.Web.YtgWebSocketServer - 接收新消息，内容为：CHART:{"Content":"\na","TUid":"346"}
2016-03-28 05:06:01,963 [9] DEBUG Ytg.Chart.Comm.Web.YtgWebSocketServer - 消息入库成功，内容为：{"Content":"\na","TUid":"346"}
2016-03-28 05:06:02,099 [5] DEBUG Ytg.Chart.Comm.Web.YtgWebSocketServer - 接收新消息，内容为：CHART:{"Content":"s\nd","TUid":"346"}
2016-03-28 05:06:02,100 [5] DEBUG Ytg.Chart.Comm.Web.YtgWebSocketServer - 消息入库成功，内容为：{"Content":"s\nd","TUid":"346"}
2016-03-28 05:06:02,257 [21] DEBUG Ytg.Chart.Comm.Web.YtgWebSocketServer - 接收新消息，内容为：CHART:{"Content":"a\nsd","TUid":"346"}
2016-03-28 05:06:02,260 [21] DEBUG Ytg.Chart.Comm.Web.YtgWebSocketServer - 消息入库成功，内容为：{"Content":"a\nsd","TUid":"346"}
2016-03-28 05:06:04,395 [6] DEBUG Ytg.Chart.Comm.Web.YtgWebSocketServer - 接收新消息，内容为：CHART:{"Content":"[em_1]","TUid":"346"}
2016-03-28 05:06:04,398 [6] DEBUG Ytg.Chart.Comm.Web.YtgWebSocketServer - 消息入库成功，内容为：{"Content":"[em_1]","TUid":"346"}
2016-03-28 05:06:39,458 [9] DEBUG Ytg.Chart.Comm.Web.YtgWebSocketServer - 接收新消息，内容为：CHART:{"Content":"asdasda\ns","TUid":"346"}
2016-03-28 05:06:39,463 [9] DEBUG Ytg.Chart.Comm.Web.YtgWebSocketServer - 消息入库成功，内容为：{"Content":"asdasda\ns","TUid":"346"}
2016-03-28 05:06:39,617 [6] DEBUG Ytg.Chart.Comm.Web.YtgWebSocketServer - 接收新消息，内容为：CHART:{"Content":"d\na","TUid":"346"}
2016-03-28 05:06:39,621 [6] DEBUG Ytg.Chart.Comm.Web.YtgWebSocketServer - 消息入库成功，内容为：{"Content":"d\na","TUid":"346"}
2016-03-28 05:06:39,774 [20] DEBUG Ytg.Chart.Comm.Web.YtgWebSocketServer - 接收新消息，内容为：CHART:{"Content":"sd\n","TUid":"346"}
2016-03-28 05:06:39,775 [20] DEBUG Ytg.Chart.Comm.Web.YtgWebSocketServer - 消息入库成功，内容为：{"Content":"sd\n","TUid":"346"}
2016-03-28 05:06:39,922 [5] DEBUG Ytg.Chart.Comm.Web.YtgWebSocketServer - 接收新消息，内容为：CHART:{"Content":"asd\n","TUid":"346"}
2016-03-28 05:06:39,923 [5] DEBUG Ytg.Chart.Comm.Web.YtgWebSocketServer - 消息入库成功，内容为：{"Content":"asd\n","TUid":"346"}
2016-03-28 05:06:40,074 [6] DEBUG Ytg.Chart.Comm.Web.YtgWebSocketServer - 接收新消息，内容为：CHART:{"Content":"a\nsd","TUid":"346"}
2016-03-28 05:06:40,077 [6] DEBUG Ytg.Chart.Comm.Web.YtgWebSocketServer - 消息入库成功，内容为：{"Content":"a\nsd","TUid":"346"}
2016-03-28 05:06:40,247 [20] DEBUG Ytg.Chart.Comm.Web.YtgWebSocketServer - 接收新消息，内容为：CHART:{"Content":"a\nsd","TUid":"346"}
2016-03-28 05:06:40,250 [20] DEBUG Ytg.Chart.Comm.Web.YtgWebSocketServer - 消息入库成功，内容为：{"Content":"a\nsd","TUid":"346"}
2016-03-28 08:34:54,357 [1] DEBUG WebSocketServer-49205706 - Listener (127.0.0.1:4534) was started
2016-03-28 08:35:04,057 [9] DEBUG Ytg.Chart.Comm.Web.YtgWebSocketServer - 接收新消息，内容为：CONTACT:346
2016-03-28 08:35:04,058 [9] DEBUG Ytg.Chart.Comm.Web.YtgWebSocketServer - 接收新连接内容为：346
2016-03-28 08:35:09,386 [5] DEBUG Ytg.Chart.Comm.Web.YtgWebSocketServer - 接收新消息，内容为：CHART:{"Content":"hjkl\n","TUid":"363"}
2016-03-28 08:35:09,437 [5] DEBUG Ytg.Chart.Comm.Web.YtgWebSocketServer - 消息入库成功，内容为：{"Content":"hjkl\n","TUid":"363"}
2016-03-28 08:35:11,636 [5] DEBUG Ytg.Chart.Comm.Web.YtgWebSocketServer - 接收新消息，内容为：CHART:{"Content":"asdasd\n","TUid":"363"}
2016-03-28 08:35:11,638 [5] DEBUG Ytg.Chart.Comm.Web.YtgWebSocketServer - 消息入库成功，内容为：{"Content":"asdasd\n","TUid":"363"}
2016-03-28 08:35:20,450 [9] DEBUG Ytg.Chart.Comm.Web.YtgWebSocketServer - 接收新消息，内容为：CHART:{"Content":"asdasd\n","TUid":"363"}
2016-03-28 08:35:20,453 [9] DEBUG Ytg.Chart.Comm.Web.YtgWebSocketServer - 消息入库成功，内容为：{"Content":"asdasd\n","TUid":"363"}
2016-03-28 08:35:21,690 [7] DEBUG Ytg.Chart.Comm.Web.YtgWebSocketServer - 接收新消息，内容为：CHART:{"Content":"asd\n","TUid":"363"}
2016-03-28 08:35:21,693 [7] DEBUG Ytg.Chart.Comm.Web.YtgWebSocketServer - 消息入库成功，内容为：{"Content":"asd\n","TUid":"363"}
2016-03-28 08:35:22,483 [5] DEBUG Ytg.Chart.Comm.Web.YtgWebSocketServer - 接收新消息，内容为：CHART:{"Content":"asd\n","TUid":"363"}
2016-03-28 08:35:22,489 [5] DEBUG Ytg.Chart.Comm.Web.YtgWebSocketServer - 消息入库成功，内容为：{"Content":"asd\n","TUid":"363"}
2016-03-28 08:35:26,850 [7] DEBUG Ytg.Chart.Comm.Web.YtgWebSocketServer - 接收新消息，内容为：CHART:{"Content":"啊实打实大苏打实打实大苏打似的\n","TUid":"363"}
2016-03-28 08:35:26,856 [7] DEBUG Ytg.Chart.Comm.Web.YtgWebSocketServer - 消息入库成功，内容为：{"Content":"啊实打实大苏打实打实大苏打似的\n","TUid":"363"}
2016-03-28 08:36:12,160 [7] DEBUG Ytg.Chart.Comm.Web.YtgWebSocketServer - 接收新消息，内容为：CONTACT:346
2016-03-28 08:36:12,160 [7] DEBUG Ytg.Chart.Comm.Web.YtgWebSocketServer - 接收新连接内容为：346
2016-03-28 08:36:19,618 [9] DEBUG Ytg.Chart.Comm.Web.YtgWebSocketServer - 接收新消息，内容为：CHART:{"Content":"按时打算打算打算的\n","TUid":"363"}
2016-03-28 08:36:19,622 [9] DEBUG Ytg.Chart.Comm.Web.YtgWebSocketServer - 消息入库成功，内容为：{"Content":"按时打算打算打算的\n","TUid":"363"}
2016-03-28 08:39:55,227 [7] DEBUG Ytg.Chart.Comm.Web.YtgWebSocketServer - 接收新消息，内容为：CHART:{"Content":"啊实打实大啊实打实大\n","TUid":"363"}
2016-03-28 08:39:55,229 [7] DEBUG Ytg.Chart.Comm.Web.YtgWebSocketServer - 消息入库成功，内容为：{"Content":"啊实打实大啊实打实大\n","TUid":"363"}
2016-03-28 08:39:57,082 [8] DEBUG Ytg.Chart.Comm.Web.YtgWebSocketServer - 接收新消息，内容为：CHART:{"Content":"啊实打实大\n","TUid":"363"}
2016-03-28 08:39:57,086 [8] DEBUG Ytg.Chart.Comm.Web.YtgWebSocketServer - 消息入库成功，内容为：{"Content":"啊实打实大\n","TUid":"363"}
2016-03-28 08:39:58,915 [7] DEBUG Ytg.Chart.Comm.Web.YtgWebSocketServer - 接收新消息，内容为：CHART:{"Content":"啊飒飒大师大师的\n","TUid":"363"}
2016-03-28 08:39:58,919 [7] DEBUG Ytg.Chart.Comm.Web.YtgWebSocketServer - 消息入库成功，内容为：{"Content":"啊飒飒大师大师的\n","TUid":"363"}
2016-03-28 08:40:24,796 [7] DEBUG Ytg.Chart.Comm.Web.YtgWebSocketServer - 接收新消息，内容为：CHART:{"Content":"啊实打实大\n","TUid":"363"}
2016-03-28 08:40:24,803 [7] DEBUG Ytg.Chart.Comm.Web.YtgWebSocketServer - 消息入库成功，内容为：{"Content":"啊实打实大\n","TUid":"363"}
2016-03-28 08:40:26,074 [8] DEBUG Ytg.Chart.Comm.Web.YtgWebSocketServer - 接收新消息，内容为：CHART:{"Content":"啊实打实大\n","TUid":"363"}
2016-03-28 08:40:26,079 [8] DEBUG Ytg.Chart.Comm.Web.YtgWebSocketServer - 消息入库成功，内容为：{"Content":"啊实打实大\n","TUid":"363"}
2016-03-28 09:04:36,607 [1] DEBUG WebSocketServer-49205706 - Listener (127.0.0.1:4534) was started
2016-03-28 09:04:49,675 [9] DEBUG Ytg.Chart.Comm.Web.YtgWebSocketServer - 接收新消息，内容为：CONTACT:392
2016-03-28 09:04:49,676 [9] DEBUG Ytg.Chart.Comm.Web.YtgWebSocketServer - 接收新连接内容为：392
2016-03-28 09:04:52,305 [8] DEBUG Ytg.Chart.Comm.Web.YtgWebSocketServer - 接收新消息，内容为：CONTACT:346
2016-03-28 09:04:52,305 [8] DEBUG Ytg.Chart.Comm.Web.YtgWebSocketServer - 接收新连接内容为：346
2016-03-28 09:05:11,742 [5] DEBUG Ytg.Chart.Comm.Web.YtgWebSocketServer - 接收新消息，内容为：CHART:{"Content":"11111\n","TUid":"346"}
2016-03-28 09:05:11,795 [5] DEBUG Ytg.Chart.Comm.Web.YtgWebSocketServer - 消息入库成功，内容为：{"Content":"11111\n","TUid":"346"}
2016-03-28 09:05:13,045 [9] DEBUG Ytg.Chart.Comm.Web.YtgWebSocketServer - 接收新消息，内容为：CHART:{"Content":"1111\n","TUid":"346"}
2016-03-28 09:05:13,049 [9] DEBUG Ytg.Chart.Comm.Web.YtgWebSocketServer - 消息入库成功，内容为：{"Content":"1111\n","TUid":"346"}
2016-03-28 09:05:13,567 [5] DEBUG Ytg.Chart.Comm.Web.YtgWebSocketServer - 接收新消息，内容为：CHART:{"Content":"1\n","TUid":"346"}
2016-03-28 09:05:13,571 [5] DEBUG Ytg.Chart.Comm.Web.YtgWebSocketServer - 消息入库成功，内容为：{"Content":"1\n","TUid":"346"}
2016-03-28 09:05:14,245 [7] DEBUG Ytg.Chart.Comm.Web.YtgWebSocketServer - 接收新消息，内容为：CHART:{"Content":"1\n","TUid":"346"}
2016-03-28 09:05:14,248 [7] DEBUG Ytg.Chart.Comm.Web.YtgWebSocketServer - 消息入库成功，内容为：{"Content":"1\n","TUid":"346"}
2016-03-28 09:05:14,446 [8] DEBUG Ytg.Chart.Comm.Web.YtgWebSocketServer - 接收新消息，内容为：CHART:{"Content":"\n1","TUid":"346"}
2016-03-28 09:05:14,449 [8] DEBUG Ytg.Chart.Comm.Web.YtgWebSocketServer - 消息入库成功，内容为：{"Content":"\n1","TUid":"346"}
2016-03-28 09:05:14,678 [7] DEBUG Ytg.Chart.Comm.Web.YtgWebSocketServer - 接收新消息，内容为：CHART:{"Content":"\n1","TUid":"346"}
2016-03-28 09:05:14,681 [7] DEBUG Ytg.Chart.Comm.Web.YtgWebSocketServer - 消息入库成功，内容为：{"Content":"\n1","TUid":"346"}
2016-03-28 09:05:14,896 [8] DEBUG Ytg.Chart.Comm.Web.YtgWebSocketServer - 接收新消息，内容为：CHART:{"Content":"\n1","TUid":"346"}
2016-03-28 09:05:14,899 [8] DEBUG Ytg.Chart.Comm.Web.YtgWebSocketServer - 消息入库成功，内容为：{"Content":"\n1","TUid":"346"}
2016-03-28 09:05:28,758 [5] DEBUG Ytg.Chart.Comm.Web.YtgWebSocketServer - 接收新消息，内容为：CHART:{"Content":"kjkhjk\n","TUid":"346"}
2016-03-28 09:05:28,762 [5] DEBUG Ytg.Chart.Comm.Web.YtgWebSocketServer - 消息入库成功，内容为：{"Content":"kjkhjk\n","TUid":"346"}
2016-03-28 09:05:29,966 [7] DEBUG Ytg.Chart.Comm.Web.YtgWebSocketServer - 接收新消息，内容为：CHART:{"Content":"hgjkghjk\n","TUid":"346"}
2016-03-28 09:05:29,969 [7] DEBUG Ytg.Chart.Comm.Web.YtgWebSocketServer - 消息入库成功，内容为：{"Content":"hgjkghjk\n","TUid":"346"}
2016-03-28 09:05:30,854 [9] DEBUG Ytg.Chart.Comm.Web.YtgWebSocketServer - 接收新消息，内容为：CHART:{"Content":"ghjkghjk\n","TUid":"346"}
2016-03-28 09:05:30,857 [9] DEBUG Ytg.Chart.Comm.Web.YtgWebSocketServer - 消息入库成功，内容为：{"Content":"ghjkghjk\n","TUid":"346"}
2016-03-28 09:05:31,894 [5] DEBUG Ytg.Chart.Comm.Web.YtgWebSocketServer - 接收新消息，内容为：CHART:{"Content":"ghjkghjk\n","TUid":"346"}
2016-03-28 09:05:31,897 [5] DEBUG Ytg.Chart.Comm.Web.YtgWebSocketServer - 消息入库成功，内容为：{"Content":"ghjkghjk\n","TUid":"346"}
2016-03-28 09:05:43,239 [9] DEBUG Ytg.Chart.Comm.Web.YtgWebSocketServer - 接收新消息，内容为：CHART:{"Content":"asdasd\n","TUid":"392"}
2016-03-28 09:05:43,243 [9] DEBUG Ytg.Chart.Comm.Web.YtgWebSocketServer - 消息入库成功，内容为：{"Content":"asdasd\n","TUid":"392"}
2016-03-28 09:05:44,318 [5] DEBUG Ytg.Chart.Comm.Web.YtgWebSocketServer - 接收新消息，内容为：CHART:{"Content":"asdasda\na","TUid":"392"}
2016-03-28 09:05:44,321 [5] DEBUG Ytg.Chart.Comm.Web.YtgWebSocketServer - 消息入库成功，内容为：{"Content":"asdasda\na","TUid":"392"}
2016-03-28 09:05:45,176 [8] DEBUG Ytg.Chart.Comm.Web.YtgWebSocketServer - 接收新消息，内容为：CHART:{"Content":"sdasd\n","TUid":"392"}
2016-03-28 09:05:45,179 [8] DEBUG Ytg.Chart.Comm.Web.YtgWebSocketServer - 消息入库成功，内容为：{"Content":"sdasd\n","TUid":"392"}
2016-03-28 09:05:47,814 [8] DEBUG Ytg.Chart.Comm.Web.YtgWebSocketServer - 接收新消息，内容为：CHART:{"Content":"asdasd\n","TUid":"392"}
2016-03-28 09:05:47,822 [8] DEBUG Ytg.Chart.Comm.Web.YtgWebSocketServer - 消息入库成功，内容为：{"Content":"asdasd\n","TUid":"392"}
2016-03-28 09:05:48,606 [9] DEBUG Ytg.Chart.Comm.Web.YtgWebSocketServer - 接收新消息，内容为：CHART:{"Content":"asdasd\n","TUid":"392"}
2016-03-28 09:05:48,615 [9] DEBUG Ytg.Chart.Comm.Web.YtgWebSocketServer - 消息入库成功，内容为：{"Content":"asdasd\n","TUid":"392"}
2016-03-28 09:05:49,446 [8] DEBUG Ytg.Chart.Comm.Web.YtgWebSocketServer - 接收新消息，内容为：CHART:{"Content":"ads\n","TUid":"392"}
2016-03-28 09:05:49,454 [8] DEBUG Ytg.Chart.Comm.Web.YtgWebSocketServer - 消息入库成功，内容为：{"Content":"ads\n","TUid":"392"}
2016-03-28 09:05:52,078 [8] DEBUG Ytg.Chart.Comm.Web.YtgWebSocketServer - 接收新消息，内容为：CHART:{"Content":"asdasd\n","TUid":"392"}
2016-03-28 09:05:52,082 [8] DEBUG Ytg.Chart.Comm.Web.YtgWebSocketServer - 消息入库成功，内容为：{"Content":"asdasd\n","TUid":"392"}
2016-03-28 09:05:52,854 [7] DEBUG Ytg.Chart.Comm.Web.YtgWebSocketServer - 接收新消息，内容为：CHART:{"Content":"asdads\na","TUid":"392"}
2016-03-28 09:05:52,859 [7] DEBUG Ytg.Chart.Comm.Web.YtgWebSocketServer - 消息入库成功，内容为：{"Content":"asdads\na","TUid":"392"}
2016-03-28 09:05:53,638 [8] DEBUG Ytg.Chart.Comm.Web.YtgWebSocketServer - 接收新消息，内容为：CHART:{"Content":"dsad\n","TUid":"392"}
2016-03-28 09:05:53,645 [8] DEBUG Ytg.Chart.Comm.Web.YtgWebSocketServer - 消息入库成功，内容为：{"Content":"dsad\n","TUid":"392"}
2016-03-28 09:06:49,758 [9] DEBUG Ytg.Chart.Comm.Web.YtgWebSocketServer - 接收新消息，内容为：CHART:{"Content":"hhhhhhhhhh\n","TUid":"392"}
2016-03-28 09:06:49,761 [9] DEBUG Ytg.Chart.Comm.Web.YtgWebSocketServer - 消息入库成功，内容为：{"Content":"hhhhhhhhhh\n","TUid":"392"}
2016-03-28 09:06:50,830 [5] DEBUG Ytg.Chart.Comm.Web.YtgWebSocketServer - 接收新消息，内容为：CHART:{"Content":"hhhhhhhhhhhh\n","TUid":"392"}
2016-03-28 09:06:50,834 [5] DEBUG Ytg.Chart.Comm.Web.YtgWebSocketServer - 消息入库成功，内容为：{"Content":"hhhhhhhhhhhh\n","TUid":"392"}
2016-03-28 09:06:56,135 [8] DEBUG Ytg.Chart.Comm.Web.YtgWebSocketServer - 接收新消息，内容为：CHART:{"Content":"hhhhhhhhhhhh\n","TUid":"392"}
2016-03-28 09:06:56,140 [8] DEBUG Ytg.Chart.Comm.Web.YtgWebSocketServer - 消息入库成功，内容为：{"Content":"hhhhhhhhhhhh\n","TUid":"392"}
2016-03-28 09:06:57,286 [9] DEBUG Ytg.Chart.Comm.Web.YtgWebSocketServer - 接收新消息，内容为：CHART:{"Content":"hhhhhhhhhhhhh\n","TUid":"392"}
2016-03-28 09:06:57,294 [9] DEBUG Ytg.Chart.Comm.Web.YtgWebSocketServer - 消息入库成功，内容为：{"Content":"hhhhhhhhhhhhh\n","TUid":"392"}
2016-03-28 09:06:58,096 [5] DEBUG Ytg.Chart.Comm.Web.YtgWebSocketServer - 接收新消息，内容为：CHART:{"Content":"h\n","TUid":"392"}
2016-03-28 09:06:58,103 [5] DEBUG Ytg.Chart.Comm.Web.YtgWebSocketServer - 消息入库成功，内容为：{"Content":"h\n","TUid":"392"}
2016-03-28 09:07:01,094 [5] DEBUG Ytg.Chart.Comm.Web.YtgWebSocketServer - 接收新消息，内容为：CHART:{"Content":"hhhhhhhhhhhhhhhhhhhhhhhhhhh\n","TUid":"392"}
2016-03-28 09:07:01,103 [5] DEBUG Ytg.Chart.Comm.Web.YtgWebSocketServer - 消息入库成功，内容为：{"Content":"hhhhhhhhhhhhhhhhhhhhhhhhhhh\n","TUid":"392"}
2016-03-28 09:07:04,791 [8] DEBUG Ytg.Chart.Comm.Web.YtgWebSocketServer - 接收新消息，内容为：CHART:{"Content":"hhhhhhhhhhhhhhhhhhh\n","TUid":"392"}
2016-03-28 09:07:04,794 [8] DEBUG Ytg.Chart.Comm.Web.YtgWebSocketServer - 消息入库成功，内容为：{"Content":"hhhhhhhhhhhhhhhhhhh\n","TUid":"392"}
2016-03-28 09:07:06,542 [5] DEBUG Ytg.Chart.Comm.Web.YtgWebSocketServer - 接收新消息，内容为：CHART:{"Content":"hhhhhhhhhhhhhhhhhhhhhhhhhhhhh\n","TUid":"392"}
2016-03-28 09:07:06,545 [5] DEBUG Ytg.Chart.Comm.Web.YtgWebSocketServer - 消息入库成功，内容为：{"Content":"hhhhhhhhhhhhhhhhhhhhhhhhhhhhh\n","TUid":"392"}
2016-03-28 09:11:53,629 [7] DEBUG Ytg.Chart.Comm.Web.YtgWebSocketServer - 接收新消息，内容为：CONTACT:392
2016-03-28 09:11:53,629 [7] DEBUG Ytg.Chart.Comm.Web.YtgWebSocketServer - 接收新连接内容为：392
2016-03-28 09:13:27,680 [9] DEBUG Ytg.Chart.Comm.Web.YtgWebSocketServer - 接收新消息，内容为：CHART:{"Content":"111\n","TUid":"346"}
2016-03-28 09:13:27,688 [9] DEBUG Ytg.Chart.Comm.Web.YtgWebSocketServer - 消息入库成功，内容为：{"Content":"111\n","TUid":"346"}
2016-03-28 09:13:38,854 [5] DEBUG Ytg.Chart.Comm.Web.YtgWebSocketServer - 接收新消息，内容为：CHART:{"Content":"adasdasd\n","TUid":"392"}
2016-03-28 09:13:38,857 [5] DEBUG Ytg.Chart.Comm.Web.YtgWebSocketServer - 消息入库成功，内容为：{"Content":"adasdasd\n","TUid":"392"}
2016-03-28 09:13:41,587 [5] DEBUG Ytg.Chart.Comm.Web.YtgWebSocketServer - 接收新消息，内容为：CHART:{"Content":"asdasd\n","TUid":"392"}
2016-03-28 09:13:41,591 [5] DEBUG Ytg.Chart.Comm.Web.YtgWebSocketServer - 消息入库成功，内容为：{"Content":"asdasd\n","TUid":"392"}
2016-03-28 09:13:44,062 [5] DEBUG Ytg.Chart.Comm.Web.YtgWebSocketServer - 接收新消息，内容为：CHART:{"Content":"asdasd\n","TUid":"392"}
2016-03-28 09:13:44,065 [5] DEBUG Ytg.Chart.Comm.Web.YtgWebSocketServer - 消息入库成功，内容为：{"Content":"asdasd\n","TUid":"392"}
2016-03-28 09:13:45,918 [7] DEBUG Ytg.Chart.Comm.Web.YtgWebSocketServer - 接收新消息，内容为：CHART:{"Content":"dfsdf\n","TUid":"392"}
2016-03-28 09:13:45,923 [7] DEBUG Ytg.Chart.Comm.Web.YtgWebSocketServer - 消息入库成功，内容为：{"Content":"dfsdf\n","TUid":"392"}
2016-03-28 09:13:47,463 [9] DEBUG Ytg.Chart.Comm.Web.YtgWebSocketServer - 接收新消息，内容为：CHART:{"Content":"dfsdf\n","TUid":"392"}
2016-03-28 09:13:47,464 [9] DEBUG Ytg.Chart.Comm.Web.YtgWebSocketServer - 消息入库成功，内容为：{"Content":"dfsdf\n","TUid":"392"}
2016-03-28 09:13:49,326 [7] DEBUG Ytg.Chart.Comm.Web.YtgWebSocketServer - 接收新消息，内容为：CHART:{"Content":"dfsdfsdf\n","TUid":"392"}
2016-03-28 09:13:49,330 [7] DEBUG Ytg.Chart.Comm.Web.YtgWebSocketServer - 消息入库成功，内容为：{"Content":"dfsdfsdf\n","TUid":"392"}
2016-03-28 09:13:51,359 [7] DEBUG Ytg.Chart.Comm.Web.YtgWebSocketServer - 接收新消息，内容为：CHART:{"Content":"sdfsdf\n","TUid":"392"}
2016-03-28 09:13:51,366 [7] DEBUG Ytg.Chart.Comm.Web.YtgWebSocketServer - 消息入库成功，内容为：{"Content":"sdfsdf\n","TUid":"392"}
2016-03-28 09:13:53,335 [5] DEBUG Ytg.Chart.Comm.Web.YtgWebSocketServer - 接收新消息，内容为：CHART:{"Content":"fgfgdf\n","TUid":"392"}
2016-03-28 09:13:53,338 [5] DEBUG Ytg.Chart.Comm.Web.YtgWebSocketServer - 消息入库成功，内容为：{"Content":"fgfgdf\n","TUid":"392"}
2016-03-28 09:17:17,920 [7] DEBUG Ytg.Chart.Comm.Web.YtgWebSocketServer - 接收新消息，内容为：CONTACT:346
2016-03-28 09:17:17,920 [7] DEBUG Ytg.Chart.Comm.Web.YtgWebSocketServer - 接收新连接内容为：346
2016-03-28 09:17:41,787 [9] DEBUG Ytg.Chart.Comm.Web.YtgWebSocketServer - 接收新消息，内容为：CONTACT:346
2016-03-28 09:17:41,787 [9] DEBUG Ytg.Chart.Comm.Web.YtgWebSocketServer - 接收新连接内容为：346
2016-03-28 09:18:06,370 [5] DEBUG Ytg.Chart.Comm.Web.YtgWebSocketServer - 接收新消息，内容为：CONTACT:346
2016-03-28 09:18:06,370 [5] DEBUG Ytg.Chart.Comm.Web.YtgWebSocketServer - 接收新连接内容为：346
2016-03-28 09:18:37,240 [5] DEBUG Ytg.Chart.Comm.Web.YtgWebSocketServer - 接收新消息，内容为：CONTACT:346
2016-03-28 09:18:37,240 [5] DEBUG Ytg.Chart.Comm.Web.YtgWebSocketServer - 接收新连接内容为：346
2016-03-28 09:19:44,103 [7] DEBUG Ytg.Chart.Comm.Web.YtgWebSocketServer - 接收新消息，内容为：CONTACT:392
2016-03-28 09:19:44,103 [7] DEBUG Ytg.Chart.Comm.Web.YtgWebSocketServer - 接收新连接内容为：392
2016-03-28 22:53:27,041 [1] DEBUG WebSocketServer-49205706 - Listener (127.0.0.1:4534) was started
2016-03-28 22:53:36,832 [9] DEBUG Ytg.Chart.Comm.Web.YtgWebSocketServer - 接收新消息，内容为：CONTACT:5409
2016-03-28 22:53:36,833 [9] DEBUG Ytg.Chart.Comm.Web.YtgWebSocketServer - 接收新连接内容为：5409
2016-03-28 22:53:48,591 [7] DEBUG Ytg.Chart.Comm.Web.YtgWebSocketServer - 接收新消息，内容为：CONTACT:5394
2016-03-28 22:53:48,591 [7] DEBUG Ytg.Chart.Comm.Web.YtgWebSocketServer - 接收新连接内容为：5394
2016-03-28 22:53:55,461 [8] DEBUG Ytg.Chart.Comm.Web.YtgWebSocketServer - 接收新消息，内容为：CHART:{"Content":"dddddddddd\n","TUid":"349"}
2016-03-28 22:53:55,520 [8] DEBUG Ytg.Chart.Comm.Web.YtgWebSocketServer - 消息入库成功，内容为：{"Content":"dddddddddd\n","TUid":"349"}
2016-03-28 22:54:00,396 [5] DEBUG Ytg.Chart.Comm.Web.YtgWebSocketServer - 接收新消息，内容为：CHART:{"Content":"ddddddddd\n","TUid":"5409"}
2016-03-28 22:54:00,422 [5] DEBUG Ytg.Chart.Comm.Web.YtgWebSocketServer - 消息入库成功，内容为：{"Content":"ddddddddd\n","TUid":"5409"}
2016-03-28 22:54:14,726 [9] DEBUG Ytg.Chart.Comm.Web.YtgWebSocketServer - 接收新消息，内容为：CHART:{"Content":"ffffffffffffff\n","TUid":"349"}
2016-03-28 22:54:14,728 [9] DEBUG Ytg.Chart.Comm.Web.YtgWebSocketServer - 消息入库成功，内容为：{"Content":"ffffffffffffff\n","TUid":"349"}
2016-03-28 22:55:23,077 [5] DEBUG Ytg.Chart.Comm.Web.YtgWebSocketServer - 接收新消息，内容为：CHART:{"Content":"ggggggggggg\n","TUid":"349"}
2016-03-28 22:55:23,081 [5] DEBUG Ytg.Chart.Comm.Web.YtgWebSocketServer - 消息入库成功，内容为：{"Content":"ggggggggggg\n","TUid":"349"}
2016-03-28 22:55:29,390 [9] DEBUG Ytg.Chart.Comm.Web.YtgWebSocketServer - 接收新消息，内容为：CONTACT:5409
2016-03-28 22:55:29,390 [9] DEBUG Ytg.Chart.Comm.Web.YtgWebSocketServer - 接收新连接内容为：5409
2016-03-28 22:55:36,206 [5] DEBUG Ytg.Chart.Comm.Web.YtgWebSocketServer - 接收新消息，内容为：CONTACT:5394
2016-03-28 22:55:36,206 [5] DEBUG Ytg.Chart.Comm.Web.YtgWebSocketServer - 接收新连接内容为：5394
2016-03-28 22:55:46,924 [9] DEBUG Ytg.Chart.Comm.Web.YtgWebSocketServer - 接收新消息，内容为：CONTACT:5409
2016-03-28 22:55:46,924 [9] DEBUG Ytg.Chart.Comm.Web.YtgWebSocketServer - 接收新连接内容为：5409
2016-03-28 22:55:52,567 [5] DEBUG Ytg.Chart.Comm.Web.YtgWebSocketServer - 接收新消息，内容为：CHART:{"Content":"dddddddddddddd\n","TUid":"349"}
2016-03-28 22:55:52,573 [5] DEBUG Ytg.Chart.Comm.Web.YtgWebSocketServer - 消息入库成功，内容为：{"Content":"dddddddddddddd\n","TUid":"349"}
2016-03-28 22:56:13,901 [8] DEBUG Ytg.Chart.Comm.Web.YtgWebSocketServer - 接收新消息，内容为：CHART:{"Content":"dddddddddddd\n","TUid":"349"}
2016-03-28 22:56:13,904 [8] DEBUG Ytg.Chart.Comm.Web.YtgWebSocketServer - 消息入库成功，内容为：{"Content":"dddddddddddd\n","TUid":"349"}
2016-03-28 22:56:15,869 [9] DEBUG Ytg.Chart.Comm.Web.YtgWebSocketServer - 接收新消息，内容为：CHART:{"Content":"asdasdasd\n","TUid":"349"}
2016-03-28 22:56:15,876 [9] DEBUG Ytg.Chart.Comm.Web.YtgWebSocketServer - 消息入库成功，内容为：{"Content":"asdasdasd\n","TUid":"349"}
2016-03-28 22:56:16,789 [7] DEBUG Ytg.Chart.Comm.Web.YtgWebSocketServer - 接收新消息，内容为：CHART:{"Content":"asdasd\n","TUid":"349"}
2016-03-28 22:56:16,792 [7] DEBUG Ytg.Chart.Comm.Web.YtgWebSocketServer - 消息入库成功，内容为：{"Content":"asdasd\n","TUid":"349"}
2016-03-28 22:56:21,381 [7] DEBUG Ytg.Chart.Comm.Web.YtgWebSocketServer - 接收新消息，内容为：CHART:{"Content":"asd\n","TUid":"349"}
2016-03-28 22:56:21,395 [7] DEBUG Ytg.Chart.Comm.Web.YtgWebSocketServer - 消息入库成功，内容为：{"Content":"asd\n","TUid":"349"}
2016-03-28 22:56:26,589 [8] DEBUG Ytg.Chart.Comm.Web.YtgWebSocketServer - 接收新消息，内容为：CHART:{"Content":"ddddddddddd\n","TUid":"5409"}
2016-03-28 22:56:26,595 [8] DEBUG Ytg.Chart.Comm.Web.YtgWebSocketServer - 消息入库成功，内容为：{"Content":"ddddddddddd\n","TUid":"5409"}
2016-03-28 22:56:29,846 [7] DEBUG Ytg.Chart.Comm.Web.YtgWebSocketServer - 接收新消息，内容为：CHART:{"Content":"asd\n","TUid":"5409"}
2016-03-28 22:56:29,849 [7] DEBUG Ytg.Chart.Comm.Web.YtgWebSocketServer - 消息入库成功，内容为：{"Content":"asd\n","TUid":"5409"}
2016-03-28 22:56:58,704 [7] DEBUG Ytg.Chart.Comm.Web.YtgWebSocketServer - 接收新消息，内容为：CONTACT:5409
2016-03-28 22:56:58,704 [7] DEBUG Ytg.Chart.Comm.Web.YtgWebSocketServer - 接收新连接内容为：5409
2016-03-28 22:57:25,009 [8] DEBUG Ytg.Chart.Comm.Web.YtgWebSocketServer - 接收新消息，内容为：CONTACT:5394
2016-03-28 22:57:25,009 [8] DEBUG Ytg.Chart.Comm.Web.YtgWebSocketServer - 接收新连接内容为：5394
2016-03-28 22:57:35,685 [9] DEBUG Ytg.Chart.Comm.Web.YtgWebSocketServer - 接收新消息，内容为：CHART:{"Content":"dddddddddddddddd\n","TUid":"5409"}
2016-03-28 22:57:35,688 [9] DEBUG Ytg.Chart.Comm.Web.YtgWebSocketServer - 消息入库成功，内容为：{"Content":"dddddddddddddddd\n","TUid":"5409"}
2016-03-28 22:58:22,396 [7] DEBUG Ytg.Chart.Comm.Web.YtgWebSocketServer - 接收新消息，内容为：CONTACT:5394
2016-03-28 22:58:22,396 [7] DEBUG Ytg.Chart.Comm.Web.YtgWebSocketServer - 接收新连接内容为：5394
2016-03-28 23:00:50,389 [9] DEBUG Ytg.Chart.Comm.Web.YtgWebSocketServer - 接收新消息，内容为：CONTACT:5409
2016-03-28 23:00:50,389 [9] DEBUG Ytg.Chart.Comm.Web.YtgWebSocketServer - 接收新连接内容为：5409
2016-03-28 23:03:48,088 [8] DEBUG WebSocketServer-49460620 - Listener (127.0.0.1:4534) was started
2016-03-28 23:04:01,437 [13] DEBUG Ytg.Chart.Comm.Web.YtgWebSocketServer - 接收新消息，内容为：CONTACT:5394
2016-03-28 23:04:04,719 [13] DEBUG Ytg.Chart.Comm.Web.YtgWebSocketServer - 接收新连接内容为：5394
2016-03-28 23:04:14,084 [11] DEBUG Ytg.Chart.Comm.Web.YtgWebSocketServer - 接收新消息，内容为：CONTACT:5409
2016-03-28 23:04:14,084 [11] DEBUG Ytg.Chart.Comm.Web.YtgWebSocketServer - 接收新连接内容为：5409
2016-03-28 23:04:26,015 [13] DEBUG Ytg.Chart.Comm.Web.YtgWebSocketServer - 接收新消息，内容为：CHART:{"Content":"1111111111111111111111\n","TUid":"349"}
2016-03-28 23:05:18,999 [13] DEBUG Ytg.Chart.Comm.Web.YtgWebSocketServer - 消息入库成功，内容为：{"Content":"1111111111111111111111\n","TUid":"349"}
2016-03-28 23:05:38,827 [13] DEBUG Ytg.Chart.Comm.Web.YtgWebSocketServer - 接收新消息，内容为：CONTACT:5409
2016-03-28 23:05:43,871 [13] DEBUG Ytg.Chart.Comm.Web.YtgWebSocketServer - 接收新连接内容为：5409
2016-03-28 23:17:18,463 [8] DEBUG WebSocketServer-32922370 - Listener (127.0.0.1:4534) was started
2016-03-28 23:17:28,306 [13] DEBUG Ytg.Chart.Comm.Web.YtgWebSocketServer - 接收新消息，内容为：CONTACT:5394
2016-03-28 23:17:28,308 [13] DEBUG Ytg.Chart.Comm.Web.YtgWebSocketServer - 接收新连接内容为：5394
2016-03-28 23:17:37,837 [11] DEBUG Ytg.Chart.Comm.Web.YtgWebSocketServer - 接收新消息，内容为：CONTACT:5409
2016-03-28 23:17:37,837 [11] DEBUG Ytg.Chart.Comm.Web.YtgWebSocketServer - 接收新连接内容为：5409
2016-03-28 23:17:41,305 [13] DEBUG Ytg.Chart.Comm.Web.YtgWebSocketServer - 接收新消息，内容为：CONTACT:5409
2016-03-28 23:17:41,305 [13] DEBUG Ytg.Chart.Comm.Web.YtgWebSocketServer - 接收新连接内容为：5409
2016-03-28 23:17:47,010 [13] DEBUG Ytg.Chart.Comm.Web.YtgWebSocketServer - 接收新消息，内容为：CHART:{"Content":"是的","TUid":"5394"}
2016-03-28 23:17:47,048 [13] DEBUG Ytg.Chart.Comm.Web.YtgWebSocketServer - 消息入库成功，内容为：{"Content":"是的","TUid":"5394"}
2016-03-28 23:17:57,989 [11] DEBUG Ytg.Chart.Comm.Web.YtgWebSocketServer - 接收新消息，内容为：CHART:{"Content":"i","TUid":"5409"}
2016-03-28 23:17:57,999 [11] DEBUG Ytg.Chart.Comm.Web.YtgWebSocketServer - 消息入库成功，内容为：{"Content":"i","TUid":"5409"}
2016-03-28 23:17:59,590 [13] DEBUG Ytg.Chart.Comm.Web.YtgWebSocketServer - 接收新消息，内容为：CHART:{"Content":"啊实打实大","TUid":"5409"}
2016-03-28 23:17:59,598 [13] DEBUG Ytg.Chart.Comm.Web.YtgWebSocketServer - 消息入库成功，内容为：{"Content":"啊实打实大","TUid":"5409"}
2016-03-28 23:18:01,144 [11] DEBUG Ytg.Chart.Comm.Web.YtgWebSocketServer - 接收新消息，内容为：CHART:{"Content":"啊实打实大","TUid":"5409"}
2016-03-28 23:18:01,153 [11] DEBUG Ytg.Chart.Comm.Web.YtgWebSocketServer - 消息入库成功，内容为：{"Content":"啊实打实大","TUid":"5409"}
2016-03-28 23:18:02,492 [11] DEBUG Ytg.Chart.Comm.Web.YtgWebSocketServer - 接收新消息，内容为：CHART:{"Content":"啊实打实大","TUid":"5409"}
2016-03-28 23:18:02,498 [11] DEBUG Ytg.Chart.Comm.Web.YtgWebSocketServer - 消息入库成功，内容为：{"Content":"啊实打实大","TUid":"5409"}
2016-03-28 23:18:22,561 [13] DEBUG Ytg.Chart.Comm.Web.YtgWebSocketServer - 接收新消息，内容为：CONTACT:392
2016-03-28 23:18:22,561 [13] DEBUG Ytg.Chart.Comm.Web.YtgWebSocketServer - 接收新连接内容为：392
2016-03-28 23:27:06,652 [13] DEBUG Ytg.Chart.Comm.Web.YtgWebSocketServer - 接收新消息，内容为：CONTACT:392
2016-03-28 23:27:06,652 [13] DEBUG Ytg.Chart.Comm.Web.YtgWebSocketServer - 接收新连接内容为：392
2016-03-28 23:29:54,599 [13] DEBUG Ytg.Chart.Comm.Web.YtgWebSocketServer - 接收新消息，内容为：CONTACT:392
2016-03-28 23:29:54,599 [13] DEBUG Ytg.Chart.Comm.Web.YtgWebSocketServer - 接收新连接内容为：392
2016-03-28 23:30:25,937 [11] DEBUG Ytg.Chart.Comm.Web.YtgWebSocketServer - 接收新消息，内容为：CONTACT:346
2016-03-28 23:30:25,937 [11] DEBUG Ytg.Chart.Comm.Web.YtgWebSocketServer - 接收新连接内容为：346
2016-03-28 23:33:00,193 [11] DEBUG Ytg.Chart.Comm.Web.YtgWebSocketServer - 接收新消息，内容为：CONTACT:392
2016-03-28 23:33:00,193 [11] DEBUG Ytg.Chart.Comm.Web.YtgWebSocketServer - 接收新连接内容为：392
2016-03-28 23:34:02,608 [11] DEBUG Ytg.Chart.Comm.Web.YtgWebSocketServer - 接收新消息，内容为：CONTACT:346
2016-03-28 23:34:02,608 [11] DEBUG Ytg.Chart.Comm.Web.YtgWebSocketServer - 接收新连接内容为：346
2016-03-28 23:34:36,093 [11] DEBUG Ytg.Chart.Comm.Web.YtgWebSocketServer - 接收新消息，内容为：CONTACT:392
2016-03-28 23:34:36,093 [11] DEBUG Ytg.Chart.Comm.Web.YtgWebSocketServer - 接收新连接内容为：392
2016-03-28 23:36:50,761 [13] DEBUG Ytg.Chart.Comm.Web.YtgWebSocketServer - 接收新消息，内容为：CONTACT:392
2016-03-28 23:36:50,762 [13] DEBUG Ytg.Chart.Comm.Web.YtgWebSocketServer - 接收新连接内容为：392
2016-03-28 23:37:49,697 [13] DEBUG Ytg.Chart.Comm.Web.YtgWebSocketServer - 接收新消息，内容为：CONTACT:392
2016-03-28 23:37:49,697 [13] DEBUG Ytg.Chart.Comm.Web.YtgWebSocketServer - 接收新连接内容为：392
2016-03-28 23:40:27,419 [11] DEBUG Ytg.Chart.Comm.Web.YtgWebSocketServer - 接收新消息，内容为：CONTACT:392
2016-03-28 23:40:27,419 [11] DEBUG Ytg.Chart.Comm.Web.YtgWebSocketServer - 接收新连接内容为：392
2016-03-28 23:41:22,603 [13] DEBUG Ytg.Chart.Comm.Web.YtgWebSocketServer - 接收新消息，内容为：CONTACT:392
2016-03-28 23:41:22,603 [13] DEBUG Ytg.Chart.Comm.Web.YtgWebSocketServer - 接收新连接内容为：392
2016-03-28 23:42:02,679 [13] DEBUG Ytg.Chart.Comm.Web.YtgWebSocketServer - 接收新消息，内容为：CONTACT:392
2016-03-28 23:42:02,679 [13] DEBUG Ytg.Chart.Comm.Web.YtgWebSocketServer - 接收新连接内容为：392
2016-03-28 23:42:22,520 [13] DEBUG Ytg.Chart.Comm.Web.YtgWebSocketServer - 接收新消息，内容为：CONTACT:392
2016-03-28 23:42:22,520 [13] DEBUG Ytg.Chart.Comm.Web.YtgWebSocketServer - 接收新连接内容为：392
2016-03-28 23:43:06,504 [13] DEBUG Ytg.Chart.Comm.Web.YtgWebSocketServer - 接收新消息，内容为：CONTACT:392
2016-03-28 23:43:06,504 [13] DEBUG Ytg.Chart.Comm.Web.YtgWebSocketServer - 接收新连接内容为：392
2016-03-28 23:43:29,958 [11] DEBUG Ytg.Chart.Comm.Web.YtgWebSocketServer - 接收新消息，内容为：CONTACT:392
2016-03-28 23:43:29,958 [11] DEBUG Ytg.Chart.Comm.Web.YtgWebSocketServer - 接收新连接内容为：392
2016-03-28 23:49:33,022 [8] DEBUG WebSocketServer-32922370 - Listener (127.0.0.1:4534) was started
2016-03-28 23:49:51,026 [13] DEBUG Ytg.Chart.Comm.Web.YtgWebSocketServer - 接收新消息，内容为：CONTACT:363
2016-03-28 23:49:51,027 [13] DEBUG Ytg.Chart.Comm.Web.YtgWebSocketServer - 接收新连接内容为：363
2016-03-28 23:49:54,037 [13] DEBUG Ytg.Chart.Comm.Web.YtgWebSocketServer - 接收新消息，内容为：CONTACT:363
2016-03-28 23:49:54,037 [13] DEBUG Ytg.Chart.Comm.Web.YtgWebSocketServer - 接收新连接内容为：363
2016-03-28 23:49:58,891 [13] DEBUG Ytg.Chart.Comm.Web.YtgWebSocketServer - 接收新消息，内容为：CONTACT:363
2016-03-28 23:49:58,891 [13] DEBUG Ytg.Chart.Comm.Web.YtgWebSocketServer - 接收新连接内容为：363
