2016-03-29 07:24:03,534 [1] DEBUG WebSocketServer-49205706 - Listener (127.0.0.1:4534) was started
2016-03-29 07:24:19,192 [8] DEBUG Ytg.Chart.Comm.Web.YtgWebSocketServer - 接收新消息，内容为：CONTACT:5423
2016-03-29 07:24:19,193 [8] DEBUG Ytg.Chart.Comm.Web.YtgWebSocketServer - 接收新连接内容为：5423
2016-03-29 07:25:04,051 [7] DEBUG Ytg.Chart.Comm.Web.YtgWebSocketServer - 接收新消息，内容为：CONTACT:5423
2016-03-29 07:25:04,051 [7] DEBUG Ytg.Chart.Comm.Web.YtgWebSocketServer - 接收新连接内容为：5423
2016-03-29 07:25:11,279 [5] DEBUG Ytg.Chart.Comm.Web.YtgWebSocketServer - 接收新消息，内容为：CONTACT:5423
2016-03-29 07:25:11,279 [5] DEBUG Ytg.Chart.Comm.Web.YtgWebSocketServer - 接收新连接内容为：5423
2016-03-29 07:25:32,213 [8] DEBUG Ytg.Chart.Comm.Web.YtgWebSocketServer - 接收新消息，内容为：CONTACT:5423
2016-03-29 07:25:32,214 [8] DEBUG Ytg.Chart.Comm.Web.YtgWebSocketServer - 接收新连接内容为：5423
2016-03-29 07:25:45,191 [9] DEBUG Ytg.Chart.Comm.Web.YtgWebSocketServer - 接收新消息，内容为：CHART:{"Content":"sdasd\n","TUid":"365"}
2016-03-29 07:25:45,241 [9] DEBUG Ytg.Chart.Comm.Web.YtgWebSocketServer - 消息入库成功，内容为：{"Content":"sdasd\n","TUid":"365"}
2016-03-29 07:26:44,862 [7] DEBUG Ytg.Chart.Comm.Web.YtgWebSocketServer - 接收新消息，内容为：CONTACT:5423
2016-03-29 07:26:44,862 [7] DEBUG Ytg.Chart.Comm.Web.YtgWebSocketServer - 接收新连接内容为：5423
2016-03-29 07:27:17,398 [5] DEBUG Ytg.Chart.Comm.Web.YtgWebSocketServer - 接收新消息，内容为：CONTACT:5423
2016-03-29 07:27:17,398 [5] DEBUG Ytg.Chart.Comm.Web.YtgWebSocketServer - 接收新连接内容为：5423
2016-03-29 07:27:26,894 [8] DEBUG Ytg.Chart.Comm.Web.YtgWebSocketServer - 接收新消息，内容为：CHART:{"Content":"asdas\n","TUid":"365"}
2016-03-29 07:27:26,898 [8] DEBUG Ytg.Chart.Comm.Web.YtgWebSocketServer - 消息入库成功，内容为：{"Content":"asdas\n","TUid":"365"}
2016-03-29 07:27:44,599 [7] DEBUG Ytg.Chart.Comm.Web.YtgWebSocketServer - 接收新消息，内容为：CONTACT:5423
2016-03-29 07:27:44,599 [7] DEBUG Ytg.Chart.Comm.Web.YtgWebSocketServer - 接收新连接内容为：5423
2016-03-29 07:27:51,554 [7] DEBUG Ytg.Chart.Comm.Web.YtgWebSocketServer - 接收新消息，内容为：CONTACT:5423
2016-03-29 07:27:51,554 [7] DEBUG Ytg.Chart.Comm.Web.YtgWebSocketServer - 接收新连接内容为：5423
2016-03-29 07:27:57,312 [8] DEBUG Ytg.Chart.Comm.Web.YtgWebSocketServer - 接收新消息，内容为：CONTACT:5423
2016-03-29 07:27:57,312 [8] DEBUG Ytg.Chart.Comm.Web.YtgWebSocketServer - 接收新连接内容为：5423
2016-03-29 07:36:08,938 [5] DEBUG Ytg.Chart.Comm.Web.YtgWebSocketServer - 接收新消息，内容为：CONTACT:5423
2016-03-29 07:36:08,938 [5] DEBUG Ytg.Chart.Comm.Web.YtgWebSocketServer - 接收新连接内容为：5423
2016-03-29 07:36:26,610 [8] DEBUG Ytg.Chart.Comm.Web.YtgWebSocketServer - 接收新消息，内容为：CONTACT:5423
2016-03-29 07:36:26,610 [8] DEBUG Ytg.Chart.Comm.Web.YtgWebSocketServer - 接收新连接内容为：5423
2016-03-29 07:36:37,248 [9] DEBUG Ytg.Chart.Comm.Web.YtgWebSocketServer - 接收新消息，内容为：CONTACT:5423
2016-03-29 07:36:37,248 [9] DEBUG Ytg.Chart.Comm.Web.YtgWebSocketServer - 接收新连接内容为：5423
2016-03-29 07:38:17,954 [8] DEBUG Ytg.Chart.Comm.Web.YtgWebSocketServer - 接收新消息，内容为：CONTACT:349
2016-03-29 07:38:17,954 [8] DEBUG Ytg.Chart.Comm.Web.YtgWebSocketServer - 接收新连接内容为：349
2016-03-29 07:38:29,842 [5] DEBUG Ytg.Chart.Comm.Web.YtgWebSocketServer - 接收新消息，内容为：CONTACT:349
2016-03-29 07:38:29,842 [5] DEBUG Ytg.Chart.Comm.Web.YtgWebSocketServer - 接收新连接内容为：349
2016-03-29 07:39:48,700 [7] DEBUG Ytg.Chart.Comm.Web.YtgWebSocketServer - 接收新消息，内容为：CONTACT:349
2016-03-29 07:39:48,700 [7] DEBUG Ytg.Chart.Comm.Web.YtgWebSocketServer - 接收新连接内容为：349
